{"/Users/nrajesh/dyad-apps/budget-it/src/components/dialogs/hooks/useTransactionFormLogic.ts": {"path":"/Users/nrajesh/dyad-apps/budget-it/src/components/dialogs/hooks/useTransactionFormLogic.ts","statementMap":{"0":{"start":{"line":11,"column":37},"end":{"line":29,"column":null}},"1":{"start":{"line":20,"column":23},"end":{"line":20,"column":34}},"2":{"start":{"line":26,"column":20},"end":{"line":26,"column":48}},"3":{"start":{"line":40,"column":39},"end":{"line":252,"column":null}},"4":{"start":{"line":44,"column":40},"end":{"line":44,"column":null}},"5":{"start":{"line":45,"column":71},"end":{"line":46,"column":null}},"6":{"start":{"line":47,"column":24},"end":{"line":47,"column":null}},"7":{"start":{"line":48,"column":8},"end":{"line":48,"column":null}},"8":{"start":{"line":50,"column":45},"end":{"line":51,"column":null}},"9":{"start":{"line":53,"column":57},"end":{"line":54,"column":null}},"10":{"start":{"line":56,"column":65},"end":{"line":57,"column":null}},"11":{"start":{"line":58,"column":67},"end":{"line":60,"column":null}},"12":{"start":{"line":61,"column":73},"end":{"line":62,"column":null}},"13":{"start":{"line":64,"column":8},"end":{"line":78,"column":null}},"14":{"start":{"line":80,"column":48},"end":{"line":80,"column":null}},"15":{"start":{"line":82,"column":23},"end":{"line":82,"column":null}},"16":{"start":{"line":83,"column":22},"end":{"line":83,"column":null}},"17":{"start":{"line":84,"column":22},"end":{"line":84,"column":null}},"18":{"start":{"line":86,"column":8},"end":{"line":86,"column":null}},"19":{"start":{"line":86,"column":36},"end":{"line":86,"column":65}},"20":{"start":{"line":86,"column":56},"end":{"line":86,"column":62}},"21":{"start":{"line":87,"column":8},"end":{"line":89,"column":null}},"22":{"start":{"line":88,"column":10},"end":{"line":88,"column":null}},"23":{"start":{"line":93,"column":2},"end":{"line":138,"column":null}},"24":{"start":{"line":94,"column":4},"end":{"line":137,"column":null}},"25":{"start":{"line":95,"column":6},"end":{"line":131,"column":null}},"26":{"start":{"line":96,"column":8},"end":{"line":113,"column":null}},"27":{"start":{"line":114,"column":8},"end":{"line":115,"column":null}},"28":{"start":{"line":118,"column":8},"end":{"line":129,"column":null}},"29":{"start":{"line":130,"column":8},"end":{"line":130,"column":null}},"30":{"start":{"line":132,"column":6},"end":{"line":133,"column":null}},"31":{"start":{"line":135,"column":6},"end":{"line":135,"column":null}},"32":{"start":{"line":136,"column":6},"end":{"line":136,"column":null}},"33":{"start":{"line":141,"column":2},"end":{"line":167,"column":null}},"34":{"start":{"line":142,"column":33},"end":{"line":158,"column":null}},"35":{"start":{"line":143,"column":6},"end":{"line":157,"column":null}},"36":{"start":{"line":145,"column":10},"end":{"line":148,"column":null}},"37":{"start":{"line":150,"column":8},"end":{"line":150,"column":null}},"38":{"start":{"line":151,"column":8},"end":{"line":151,"column":null}},"39":{"start":{"line":153,"column":8},"end":{"line":154,"column":null}},"40":{"start":{"line":156,"column":8},"end":{"line":156,"column":null}},"41":{"start":{"line":159,"column":4},"end":{"line":159,"column":null}},"42":{"start":{"line":170,"column":2},"end":{"line":185,"column":null}},"43":{"start":{"line":171,"column":37},"end":{"line":183,"column":null}},"44":{"start":{"line":172,"column":6},"end":{"line":182,"column":null}},"45":{"start":{"line":174,"column":10},"end":{"line":177,"column":null}},"46":{"start":{"line":179,"column":8},"end":{"line":179,"column":null}},"47":{"start":{"line":181,"column":8},"end":{"line":181,"column":null}},"48":{"start":{"line":184,"column":4},"end":{"line":184,"column":null}},"49":{"start":{"line":188,"column":2},"end":{"line":221,"column":null}},"50":{"start":{"line":189,"column":4},"end":{"line":211,"column":null}},"51":{"start":{"line":195,"column":30},"end":{"line":195,"column":null}},"52":{"start":{"line":196,"column":6},"end":{"line":207,"column":null}},"53":{"start":{"line":197,"column":32},"end":{"line":200,"column":null}},"54":{"start":{"line":202,"column":8},"end":{"line":202,"column":null}},"55":{"start":{"line":203,"column":8},"end":{"line":203,"column":null}},"56":{"start":{"line":205,"column":8},"end":{"line":205,"column":null}},"57":{"start":{"line":206,"column":8},"end":{"line":206,"column":null}},"58":{"start":{"line":209,"column":6},"end":{"line":209,"column":null}},"59":{"start":{"line":210,"column":6},"end":{"line":210,"column":null}},"60":{"start":{"line":224,"column":2},"end":{"line":232,"column":null}},"61":{"start":{"line":225,"column":4},"end":{"line":231,"column":null}},"62":{"start":{"line":226,"column":6},"end":{"line":228,"column":null}},"63":{"start":{"line":227,"column":8},"end":{"line":227,"column":null}},"64":{"start":{"line":229,"column":11},"end":{"line":231,"column":null}},"65":{"start":{"line":230,"column":6},"end":{"line":230,"column":null}},"66":{"start":{"line":235,"column":2},"end":{"line":239,"column":null}},"67":{"start":{"line":236,"column":4},"end":{"line":238,"column":null}},"68":{"start":{"line":237,"column":6},"end":{"line":237,"column":null}},"69":{"start":{"line":241,"column":2},"end":{"line":251,"column":null}}},"fnMap":{"0":{"name":"(anonymous_0)","decl":{"start":{"line":20,"column":14},"end":{"line":20,"column":15}},"loc":{"start":{"line":20,"column":23},"end":{"line":20,"column":34}},"line":20},"1":{"name":"(anonymous_1)","decl":{"start":{"line":26,"column":10},"end":{"line":26,"column":11}},"loc":{"start":{"line":26,"column":20},"end":{"line":26,"column":48}},"line":26},"2":{"name":"(anonymous_2)","decl":{"start":{"line":40,"column":39},"end":{"line":40,"column":40}},"loc":{"start":{"line":43,"column":31},"end":{"line":252,"column":null}},"line":43},"3":{"name":"(anonymous_3)","decl":{"start":{"line":86,"column":30},"end":{"line":86,"column":36}},"loc":{"start":{"line":86,"column":36},"end":{"line":86,"column":65}},"line":86},"4":{"name":"(anonymous_4)","decl":{"start":{"line":86,"column":49},"end":{"line":86,"column":50}},"loc":{"start":{"line":86,"column":56},"end":{"line":86,"column":62}},"line":86},"5":{"name":"(anonymous_5)","decl":{"start":{"line":88,"column":4},"end":{"line":88,"column":10}},"loc":{"start":{"line":88,"column":10},"end":{"line":88,"column":null}},"line":88},"6":{"name":"(anonymous_6)","decl":{"start":{"line":93,"column":12},"end":{"line":93,"column":null}},"loc":{"start":{"line":93,"column":12},"end":{"line":138,"column":5}},"line":93},"7":{"name":"(anonymous_7)","decl":{"start":{"line":141,"column":12},"end":{"line":141,"column":null}},"loc":{"start":{"line":141,"column":12},"end":{"line":160,"column":5}},"line":141},"8":{"name":"(anonymous_8)","decl":{"start":{"line":142,"column":33},"end":{"line":142,"column":null}},"loc":{"start":{"line":142,"column":33},"end":{"line":158,"column":null}},"line":142},"9":{"name":"(anonymous_9)","decl":{"start":{"line":170,"column":12},"end":{"line":170,"column":null}},"loc":{"start":{"line":170,"column":12},"end":{"line":185,"column":5}},"line":170},"10":{"name":"(anonymous_10)","decl":{"start":{"line":171,"column":37},"end":{"line":171,"column":null}},"loc":{"start":{"line":171,"column":37},"end":{"line":183,"column":null}},"line":171},"11":{"name":"(anonymous_11)","decl":{"start":{"line":188,"column":12},"end":{"line":188,"column":null}},"loc":{"start":{"line":188,"column":12},"end":{"line":212,"column":5}},"line":188},"12":{"name":"(anonymous_12)","decl":{"start":{"line":224,"column":12},"end":{"line":224,"column":null}},"loc":{"start":{"line":224,"column":12},"end":{"line":232,"column":5}},"line":224},"13":{"name":"(anonymous_13)","decl":{"start":{"line":235,"column":12},"end":{"line":235,"column":null}},"loc":{"start":{"line":235,"column":12},"end":{"line":239,"column":5}},"line":235}},"branchMap":{"0":{"loc":{"start":{"line":54,"column":4},"end":{"line":54,"column":null}},"type":"binary-expr","locations":[{"start":{"line":54,"column":4},"end":{"line":54,"column":37}},{"start":{"line":54,"column":41},"end":{"line":54,"column":null}}],"line":54},"1":{"loc":{"start":{"line":94,"column":4},"end":{"line":137,"column":null}},"type":"if","locations":[{"start":{"line":94,"column":4},"end":{"line":137,"column":null}},{"start":{},"end":{}}],"line":94},"2":{"loc":{"start":{"line":95,"column":6},"end":{"line":131,"column":null}},"type":"if","locations":[{"start":{"line":95,"column":6},"end":{"line":131,"column":null}},{"start":{"line":117,"column":13},"end":{"line":131,"column":null}}],"line":95},"3":{"loc":{"start":{"line":97,"column":16},"end":{"line":99,"column":null}},"type":"cond-expr","locations":[{"start":{"line":97,"column":38},"end":{"line":98,"column":null}},{"start":{"line":98,"column":66},"end":{"line":99,"column":null}}],"line":97},"4":{"loc":{"start":{"line":100,"column":19},"end":{"line":100,"column":null}},"type":"binary-expr","locations":[{"start":{"line":100,"column":19},"end":{"line":100,"column":44}},{"start":{"line":100,"column":48},"end":{"line":100,"column":null}}],"line":100},"5":{"loc":{"start":{"line":101,"column":18},"end":{"line":101,"column":null}},"type":"binary-expr","locations":[{"start":{"line":101,"column":18},"end":{"line":101,"column":42}},{"start":{"line":101,"column":46},"end":{"line":101,"column":null}}],"line":101},"6":{"loc":{"start":{"line":102,"column":20},"end":{"line":102,"column":null}},"type":"binary-expr","locations":[{"start":{"line":102,"column":20},"end":{"line":102,"column":46}},{"start":{"line":102,"column":50},"end":{"line":102,"column":null}}],"line":102},"7":{"loc":{"start":{"line":103,"column":24},"end":{"line":103,"column":null}},"type":"binary-expr","locations":[{"start":{"line":103,"column":24},"end":{"line":103,"column":54}},{"start":{"line":103,"column":58},"end":{"line":103,"column":null}}],"line":103},"8":{"loc":{"start":{"line":104,"column":27},"end":{"line":104,"column":null}},"type":"binary-expr","locations":[{"start":{"line":104,"column":27},"end":{"line":104,"column":51}},{"start":{"line":104,"column":55},"end":{"line":104,"column":null}}],"line":104},"9":{"loc":{"start":{"line":105,"column":19},"end":{"line":105,"column":null}},"type":"binary-expr","locations":[{"start":{"line":105,"column":19},"end":{"line":105,"column":44}},{"start":{"line":105,"column":48},"end":{"line":105,"column":null}}],"line":105},"10":{"loc":{"start":{"line":106,"column":27},"end":{"line":106,"column":null}},"type":"binary-expr","locations":[{"start":{"line":106,"column":27},"end":{"line":106,"column":60}},{"start":{"line":106,"column":64},"end":{"line":106,"column":null}}],"line":106},"11":{"loc":{"start":{"line":107,"column":31},"end":{"line":107,"column":null}},"type":"binary-expr","locations":[{"start":{"line":107,"column":31},"end":{"line":107,"column":69}},{"start":{"line":107,"column":73},"end":{"line":107,"column":null}}],"line":107},"12":{"loc":{"start":{"line":108,"column":29},"end":{"line":112,"column":null}},"type":"cond-expr","locations":[{"start":{"line":108,"column":66},"end":{"line":110,"column":null}},{"start":{"line":112,"column":14},"end":{"line":112,"column":null}}],"line":108},"13":{"loc":{"start":{"line":115,"column":10},"end":{"line":115,"column":null}},"type":"cond-expr","locations":[{"start":{"line":115,"column":42},"end":{"line":115,"column":53}},{"start":{"line":115,"column":53},"end":{"line":115,"column":null}}],"line":115},"14":{"loc":{"start":{"line":133,"column":8},"end":{"line":133,"column":null}},"type":"binary-expr","locations":[{"start":{"line":133,"column":8},"end":{"line":133,"column":41}},{"start":{"line":133,"column":45},"end":{"line":133,"column":null}}],"line":133},"15":{"loc":{"start":{"line":143,"column":6},"end":{"line":157,"column":null}},"type":"if","locations":[{"start":{"line":143,"column":6},"end":{"line":157,"column":null}},{"start":{"line":152,"column":13},"end":{"line":157,"column":null}}],"line":143},"16":{"loc":{"start":{"line":145,"column":10},"end":{"line":148,"column":null}},"type":"binary-expr","locations":[{"start":{"line":145,"column":10},"end":{"line":145,"column":null}},{"start":{"line":146,"column":11},"end":{"line":148,"column":null}}],"line":145},"17":{"loc":{"start":{"line":148,"column":12},"end":{"line":148,"column":null}},"type":"binary-expr","locations":[{"start":{"line":148,"column":12},"end":{"line":148,"column":32}},{"start":{"line":148,"column":32},"end":{"line":148,"column":null}}],"line":148},"18":{"loc":{"start":{"line":150,"column":33},"end":{"line":150,"column":null}},"type":"binary-expr","locations":[{"start":{"line":150,"column":33},"end":{"line":150,"column":62}},{"start":{"line":150,"column":66},"end":{"line":150,"column":null}}],"line":150},"19":{"loc":{"start":{"line":154,"column":10},"end":{"line":154,"column":null}},"type":"binary-expr","locations":[{"start":{"line":154,"column":10},"end":{"line":154,"column":43}},{"start":{"line":154,"column":47},"end":{"line":154,"column":null}}],"line":154},"20":{"loc":{"start":{"line":172,"column":6},"end":{"line":182,"column":null}},"type":"if","locations":[{"start":{"line":172,"column":6},"end":{"line":182,"column":null}},{"start":{"line":180,"column":13},"end":{"line":182,"column":null}}],"line":172},"21":{"loc":{"start":{"line":172,"column":10},"end":{"line":172,"column":37}},"type":"binary-expr","locations":[{"start":{"line":172,"column":10},"end":{"line":172,"column":24}},{"start":{"line":172,"column":24},"end":{"line":172,"column":37}}],"line":172},"22":{"loc":{"start":{"line":174,"column":10},"end":{"line":177,"column":null}},"type":"binary-expr","locations":[{"start":{"line":174,"column":10},"end":{"line":174,"column":null}},{"start":{"line":175,"column":11},"end":{"line":177,"column":null}}],"line":174},"23":{"loc":{"start":{"line":177,"column":12},"end":{"line":177,"column":null}},"type":"binary-expr","locations":[{"start":{"line":177,"column":12},"end":{"line":177,"column":32}},{"start":{"line":177,"column":32},"end":{"line":177,"column":null}}],"line":177},"24":{"loc":{"start":{"line":189,"column":4},"end":{"line":211,"column":null}},"type":"if","locations":[{"start":{"line":189,"column":4},"end":{"line":211,"column":null}},{"start":{"line":208,"column":11},"end":{"line":211,"column":null}}],"line":189},"25":{"loc":{"start":{"line":190,"column":6},"end":{"line":193,"column":null}},"type":"binary-expr","locations":[{"start":{"line":190,"column":6},"end":{"line":190,"column":null}},{"start":{"line":191,"column":6},"end":{"line":191,"column":null}},{"start":{"line":192,"column":6},"end":{"line":192,"column":null}},{"start":{"line":193,"column":6},"end":{"line":193,"column":null}}],"line":190},"26":{"loc":{"start":{"line":196,"column":6},"end":{"line":207,"column":null}},"type":"if","locations":[{"start":{"line":196,"column":6},"end":{"line":207,"column":null}},{"start":{"line":204,"column":13},"end":{"line":207,"column":null}}],"line":196},"27":{"loc":{"start":{"line":196,"column":10},"end":{"line":196,"column":77}},"type":"binary-expr","locations":[{"start":{"line":196,"column":10},"end":{"line":196,"column":29}},{"start":{"line":196,"column":29},"end":{"line":196,"column":77}}],"line":196},"28":{"loc":{"start":{"line":225,"column":4},"end":{"line":231,"column":null}},"type":"if","locations":[{"start":{"line":225,"column":4},"end":{"line":231,"column":null}},{"start":{"line":229,"column":11},"end":{"line":231,"column":null}}],"line":225},"29":{"loc":{"start":{"line":226,"column":6},"end":{"line":228,"column":null}},"type":"if","locations":[{"start":{"line":226,"column":6},"end":{"line":228,"column":null}},{"start":{},"end":{}}],"line":226},"30":{"loc":{"start":{"line":229,"column":11},"end":{"line":231,"column":null}},"type":"if","locations":[{"start":{"line":229,"column":11},"end":{"line":231,"column":null}},{"start":{},"end":{}}],"line":229},"31":{"loc":{"start":{"line":236,"column":4},"end":{"line":238,"column":null}},"type":"if","locations":[{"start":{"line":236,"column":4},"end":{"line":238,"column":null}},{"start":{},"end":{}}],"line":236}},"s":{"0":1,"1":0,"2":0,"3":1,"4":32,"5":32,"6":32,"7":32,"8":32,"9":32,"10":32,"11":32,"12":32,"13":32,"14":32,"15":32,"16":32,"17":32,"18":32,"19":7,"20":14,"21":32,"22":11,"23":32,"24":7,"25":7,"26":2,"27":2,"28":5,"29":5,"30":7,"31":7,"32":7,"33":32,"34":10,"35":10,"36":3,"37":0,"38":3,"39":7,"40":7,"41":10,"42":32,"43":11,"44":11,"45":3,"46":0,"47":8,"48":11,"49":32,"50":16,"51":1,"52":1,"53":1,"54":1,"55":1,"56":0,"57":0,"58":15,"59":15,"60":32,"61":10,"62":3,"63":3,"64":7,"65":0,"66":32,"67":10,"68":3,"69":32},"f":{"0":0,"1":0,"2":32,"3":7,"4":14,"5":11,"6":7,"7":10,"8":10,"9":11,"10":11,"11":16,"12":10,"13":10},"b":{"0":[32,0],"1":[7,0],"2":[2,5],"3":[1,1],"4":[2,1],"5":[2,1],"6":[2,1],"7":[2,2],"8":[2,0],"9":[2,1],"10":[2,2],"11":[2,2],"12":[0,2],"13":[1,1],"14":[7,0],"15":[3,7],"16":[3,0],"17":[0,0],"18":[0,0],"19":[7,0],"20":[3,8],"21":[11,3],"22":[3,0],"23":[0,0],"24":[1,15],"25":[16,6,2,2],"26":[1,0],"27":[1,1],"28":[3,7],"29":[3,0],"30":[0,7],"31":[3,7]},"meta":{"lastBranch":32,"lastFunction":14,"lastStatement":70,"seen":{"s:11:37:29:Infinity":0,"f:20:14:20:15":0,"s:20:23:20:34":1,"f:26:10:26:11":1,"s:26:20:26:48":2,"s:40:39:252:Infinity":3,"f:40:39:40:40":2,"s:44:40:44:Infinity":4,"s:45:71:46:Infinity":5,"s:47:24:47:Infinity":6,"s:48:8:48:Infinity":7,"s:50:45:51:Infinity":8,"s:53:57:54:Infinity":9,"b:54:4:54:37:54:41:54:Infinity":0,"s:56:65:57:Infinity":10,"s:58:67:60:Infinity":11,"s:61:73:62:Infinity":12,"s:64:8:78:Infinity":13,"s:80:48:80:Infinity":14,"s:82:23:82:Infinity":15,"s:83:22:83:Infinity":16,"s:84:22:84:Infinity":17,"s:86:8:86:Infinity":18,"f:86:30:86:36":3,"s:86:36:86:65":19,"f:86:49:86:50":4,"s:86:56:86:62":20,"s:87:8:89:Infinity":21,"f:88:4:88:10":5,"s:88:10:88:Infinity":22,"s:93:2:138:Infinity":23,"f:93:12:93:Infinity":6,"b:94:4:137:Infinity:undefined:undefined:undefined:undefined":1,"s:94:4:137:Infinity":24,"b:95:6:131:Infinity:117:13:131:Infinity":2,"s:95:6:131:Infinity":25,"s:96:8:113:Infinity":26,"b:97:38:98:Infinity:98:66:99:Infinity":3,"b:100:19:100:44:100:48:100:Infinity":4,"b:101:18:101:42:101:46:101:Infinity":5,"b:102:20:102:46:102:50:102:Infinity":6,"b:103:24:103:54:103:58:103:Infinity":7,"b:104:27:104:51:104:55:104:Infinity":8,"b:105:19:105:44:105:48:105:Infinity":9,"b:106:27:106:60:106:64:106:Infinity":10,"b:107:31:107:69:107:73:107:Infinity":11,"b:108:66:110:Infinity:112:14:112:Infinity":12,"s:114:8:115:Infinity":27,"b:115:42:115:53:115:53:115:Infinity":13,"s:118:8:129:Infinity":28,"s:130:8:130:Infinity":29,"s:132:6:133:Infinity":30,"b:133:8:133:41:133:45:133:Infinity":14,"s:135:6:135:Infinity":31,"s:136:6:136:Infinity":32,"s:141:2:167:Infinity":33,"f:141:12:141:Infinity":7,"s:142:33:158:Infinity":34,"f:142:33:142:Infinity":8,"b:143:6:157:Infinity:152:13:157:Infinity":15,"s:143:6:157:Infinity":35,"s:145:10:148:Infinity":36,"b:145:10:145:Infinity:146:11:148:Infinity":16,"b:148:12:148:32:148:32:148:Infinity":17,"s:150:8:150:Infinity":37,"b:150:33:150:62:150:66:150:Infinity":18,"s:151:8:151:Infinity":38,"s:153:8:154:Infinity":39,"b:154:10:154:43:154:47:154:Infinity":19,"s:156:8:156:Infinity":40,"s:159:4:159:Infinity":41,"s:170:2:185:Infinity":42,"f:170:12:170:Infinity":9,"s:171:37:183:Infinity":43,"f:171:37:171:Infinity":10,"b:172:6:182:Infinity:180:13:182:Infinity":20,"s:172:6:182:Infinity":44,"b:172:10:172:24:172:24:172:37":21,"s:174:10:177:Infinity":45,"b:174:10:174:Infinity:175:11:177:Infinity":22,"b:177:12:177:32:177:32:177:Infinity":23,"s:179:8:179:Infinity":46,"s:181:8:181:Infinity":47,"s:184:4:184:Infinity":48,"s:188:2:221:Infinity":49,"f:188:12:188:Infinity":11,"b:189:4:211:Infinity:208:11:211:Infinity":24,"s:189:4:211:Infinity":50,"b:190:6:190:Infinity:191:6:191:Infinity:192:6:192:Infinity:193:6:193:Infinity":25,"s:195:30:195:Infinity":51,"b:196:6:207:Infinity:204:13:207:Infinity":26,"s:196:6:207:Infinity":52,"b:196:10:196:29:196:29:196:77":27,"s:197:32:200:Infinity":53,"s:202:8:202:Infinity":54,"s:203:8:203:Infinity":55,"s:205:8:205:Infinity":56,"s:206:8:206:Infinity":57,"s:209:6:209:Infinity":58,"s:210:6:210:Infinity":59,"s:224:2:232:Infinity":60,"f:224:12:224:Infinity":12,"b:225:4:231:Infinity:229:11:231:Infinity":28,"s:225:4:231:Infinity":61,"b:226:6:228:Infinity:undefined:undefined:undefined:undefined":29,"s:226:6:228:Infinity":62,"s:227:8:227:Infinity":63,"b:229:11:231:Infinity:undefined:undefined:undefined:undefined":30,"s:229:11:231:Infinity":64,"s:230:6:230:Infinity":65,"s:235:2:239:Infinity":66,"f:235:12:235:Infinity":13,"b:236:4:238:Infinity:undefined:undefined:undefined:undefined":31,"s:236:4:238:Infinity":67,"s:237:6:237:Infinity":68,"s:241:2:251:Infinity":69}}}
,"/Users/nrajesh/dyad-apps/budget-it/src/components/ui/chart.tsx": {"path":"/Users/nrajesh/dyad-apps/budget-it/src/components/ui/chart.tsx","statementMap":{"0":{"start":{"line":7,"column":15},"end":{"line":7,"column":null}},"1":{"start":{"line":23,"column":21},"end":{"line":23,"column":null}},"2":{"start":{"line":26,"column":18},"end":{"line":26,"column":null}},"3":{"start":{"line":28,"column":2},"end":{"line":30,"column":null}},"4":{"start":{"line":29,"column":4},"end":{"line":29,"column":null}},"5":{"start":{"line":32,"column":2},"end":{"line":32,"column":null}},"6":{"start":{"line":35,"column":23},"end":{"line":65,"column":null}},"7":{"start":{"line":44,"column":19},"end":{"line":44,"column":null}},"8":{"start":{"line":45,"column":18},"end":{"line":45,"column":61}},"9":{"start":{"line":47,"column":2},"end":{"line":60,"column":null}},"10":{"start":{"line":66,"column":0},"end":{"line":66,"column":null}},"11":{"start":{"line":68,"column":19},"end":{"line":100,"column":null}},"12":{"start":{"line":69,"column":22},"end":{"line":70,"column":null}},"13":{"start":{"line":70,"column":21},"end":{"line":70,"column":49}},"14":{"start":{"line":73,"column":2},"end":{"line":75,"column":null}},"15":{"start":{"line":74,"column":4},"end":{"line":74,"column":null}},"16":{"start":{"line":77,"column":2},"end":{"line":97,"column":null}},"17":{"start":{"line":82,"column":33},"end":{"line":94,"column":1}},"18":{"start":{"line":87,"column":6},"end":{"line":88,"column":22}},"19":{"start":{"line":89,"column":20},"end":{"line":89,"column":null}},"20":{"start":{"line":90,"column":4},"end":{"line":90,"column":null}},"21":{"start":{"line":102,"column":21},"end":{"line":102,"column":46}},"22":{"start":{"line":104,"column":28},"end":{"line":254,"column":null}},"23":{"start":{"line":133,"column":23},"end":{"line":133,"column":null}},"24":{"start":{"line":135,"column":25},"end":{"line":169,"column":null}},"25":{"start":{"line":136,"column":6},"end":{"line":138,"column":null}},"26":{"start":{"line":137,"column":8},"end":{"line":137,"column":null}},"27":{"start":{"line":140,"column":21},"end":{"line":140,"column":null}},"28":{"start":{"line":141,"column":18},"end":{"line":141,"column":71}},"29":{"start":{"line":142,"column":25},"end":{"line":142,"column":null}},"30":{"start":{"line":144,"column":8},"end":{"line":146,"column":null}},"31":{"start":{"line":148,"column":6},"end":{"line":154,"column":null}},"32":{"start":{"line":149,"column":8},"end":{"line":151,"column":null}},"33":{"start":{"line":156,"column":6},"end":{"line":158,"column":null}},"34":{"start":{"line":157,"column":8},"end":{"line":157,"column":null}},"35":{"start":{"line":160,"column":6},"end":{"line":160,"column":null}},"36":{"start":{"line":171,"column":4},"end":{"line":173,"column":null}},"37":{"start":{"line":172,"column":6},"end":{"line":172,"column":null}},"38":{"start":{"line":175,"column":22},"end":{"line":175,"column":null}},"39":{"start":{"line":177,"column":4},"end":{"line":250,"column":null}},"40":{"start":{"line":188,"column":24},"end":{"line":188,"column":76}},"41":{"start":{"line":189,"column":31},"end":{"line":189,"column":null}},"42":{"start":{"line":190,"column":35},"end":{"line":190,"column":75}},"43":{"start":{"line":192,"column":12},"end":{"line":194,"column":null}},"44":{"start":{"line":256,"column":0},"end":{"line":256,"column":null}},"45":{"start":{"line":258,"column":20},"end":{"line":258,"column":44}},"46":{"start":{"line":260,"column":27},"end":{"line":314,"column":null}},"47":{"start":{"line":272,"column":23},"end":{"line":272,"column":null}},"48":{"start":{"line":274,"column":4},"end":{"line":276,"column":null}},"49":{"start":{"line":275,"column":6},"end":{"line":275,"column":null}},"50":{"start":{"line":278,"column":4},"end":{"line":311,"column":null}},"51":{"start":{"line":288,"column":22},"end":{"line":288,"column":61}},"52":{"start":{"line":289,"column":29},"end":{"line":289,"column":null}},"53":{"start":{"line":291,"column":10},"end":{"line":293,"column":null}},"54":{"start":{"line":316,"column":0},"end":{"line":316,"column":null}},"55":{"start":{"line":324,"column":2},"end":{"line":326,"column":null}},"56":{"start":{"line":325,"column":4},"end":{"line":325,"column":null}},"57":{"start":{"line":329,"column":4},"end":{"line":333,"column":null}},"58":{"start":{"line":335,"column":31},"end":{"line":335,"column":null}},"59":{"start":{"line":337,"column":2},"end":{"line":350,"column":null}},"60":{"start":{"line":341,"column":4},"end":{"line":341,"column":null}},"61":{"start":{"line":342,"column":9},"end":{"line":350,"column":null}},"62":{"start":{"line":347,"column":4},"end":{"line":349,"column":null}},"63":{"start":{"line":352,"column":2},"end":{"line":354,"column":null}}},"fnMap":{"0":{"name":"useChart","decl":{"start":{"line":25,"column":9},"end":{"line":25,"column":null}},"loc":{"start":{"line":25,"column":9},"end":{"line":33,"column":null}},"line":25},"1":{"name":"(anonymous_1)","decl":{"start":{"line":43,"column":2},"end":{"line":43,"column":3}},"loc":{"start":{"line":43,"column":50},"end":{"line":65,"column":null}},"line":43},"2":{"name":"(anonymous_2)","decl":{"start":{"line":68,"column":19},"end":{"line":68,"column":20}},"loc":{"start":{"line":68,"column":71},"end":{"line":100,"column":null}},"line":68},"3":{"name":"(anonymous_3)","decl":{"start":{"line":70,"column":4},"end":{"line":70,"column":5}},"loc":{"start":{"line":70,"column":21},"end":{"line":70,"column":49}},"line":70},"4":{"name":"(anonymous_4)","decl":{"start":{"line":82,"column":12},"end":{"line":82,"column":13}},"loc":{"start":{"line":82,"column":33},"end":{"line":94,"column":1}},"line":82},"5":{"name":"(anonymous_5)","decl":{"start":{"line":85,"column":7},"end":{"line":85,"column":8}},"loc":{"start":{"line":85,"column":25},"end":{"line":91,"column":null}},"line":85},"6":{"name":"(anonymous_6)","decl":{"start":{"line":115,"column":2},"end":{"line":115,"column":null}},"loc":{"start":{"line":131,"column":4},"end":{"line":254,"column":null}},"line":131},"7":{"name":"(anonymous_7)","decl":{"start":{"line":135,"column":39},"end":{"line":135,"column":null}},"loc":{"start":{"line":135,"column":39},"end":{"line":161,"column":7}},"line":135},"8":{"name":"(anonymous_8)","decl":{"start":{"line":187,"column":23},"end":{"line":187,"column":24}},"loc":{"start":{"line":187,"column":30},"end":{"line":250,"column":null}},"line":187},"9":{"name":"(anonymous_9)","decl":{"start":{"line":268,"column":2},"end":{"line":268,"column":null}},"loc":{"start":{"line":270,"column":4},"end":{"line":314,"column":null}},"line":270},"10":{"name":"(anonymous_10)","decl":{"start":{"line":287,"column":21},"end":{"line":287,"column":22}},"loc":{"start":{"line":287,"column":22},"end":{"line":311,"column":null}},"line":287},"11":{"name":"getPayloadConfigFromPayload","decl":{"start":{"line":319,"column":9},"end":{"line":319,"column":null}},"loc":{"start":{"line":322,"column":13},"end":{"line":355,"column":null}},"line":322}},"branchMap":{"0":{"loc":{"start":{"line":28,"column":2},"end":{"line":30,"column":null}},"type":"if","locations":[{"start":{"line":28,"column":2},"end":{"line":30,"column":null}},{"start":{},"end":{}}],"line":28},"1":{"loc":{"start":{"line":45,"column":27},"end":{"line":45,"column":61}},"type":"binary-expr","locations":[{"start":{"line":45,"column":27},"end":{"line":45,"column":33}},{"start":{"line":45,"column":33},"end":{"line":45,"column":61}}],"line":45},"2":{"loc":{"start":{"line":70,"column":21},"end":{"line":70,"column":49}},"type":"binary-expr","locations":[{"start":{"line":70,"column":21},"end":{"line":70,"column":33}},{"start":{"line":70,"column":37},"end":{"line":70,"column":49}}],"line":70},"3":{"loc":{"start":{"line":73,"column":2},"end":{"line":75,"column":null}},"type":"if","locations":[{"start":{"line":73,"column":2},"end":{"line":75,"column":null}},{"start":{},"end":{}}],"line":73},"4":{"loc":{"start":{"line":87,"column":6},"end":{"line":88,"column":22}},"type":"binary-expr","locations":[{"start":{"line":87,"column":6},"end":{"line":87,"column":64}},{"start":{"line":88,"column":6},"end":{"line":88,"column":22}}],"line":87},"5":{"loc":{"start":{"line":90,"column":11},"end":{"line":90,"column":null}},"type":"cond-expr","locations":[{"start":{"line":90,"column":19},"end":{"line":90,"column":52}},{"start":{"line":90,"column":55},"end":{"line":90,"column":null}}],"line":90},"6":{"loc":{"start":{"line":120,"column":6},"end":{"line":120,"column":23}},"type":"default-arg","locations":[{"start":{"line":120,"column":18},"end":{"line":120,"column":23}}],"line":120},"7":{"loc":{"start":{"line":121,"column":6},"end":{"line":121,"column":23}},"type":"default-arg","locations":[{"start":{"line":121,"column":18},"end":{"line":121,"column":23}}],"line":121},"8":{"loc":{"start":{"line":122,"column":6},"end":{"line":122,"column":27}},"type":"default-arg","locations":[{"start":{"line":122,"column":22},"end":{"line":122,"column":27}}],"line":122},"9":{"loc":{"start":{"line":136,"column":6},"end":{"line":138,"column":null}},"type":"if","locations":[{"start":{"line":136,"column":6},"end":{"line":138,"column":null}},{"start":{},"end":{}}],"line":136},"10":{"loc":{"start":{"line":136,"column":10},"end":{"line":136,"column":41}},"type":"binary-expr","locations":[{"start":{"line":136,"column":10},"end":{"line":136,"column":23}},{"start":{"line":136,"column":23},"end":{"line":136,"column":41}}],"line":136},"11":{"loc":{"start":{"line":141,"column":21},"end":{"line":141,"column":71}},"type":"binary-expr","locations":[{"start":{"line":141,"column":21},"end":{"line":141,"column":33}},{"start":{"line":141,"column":33},"end":{"line":141,"column":45}},{"start":{"line":141,"column":49},"end":{"line":141,"column":58}},{"start":{"line":141,"column":62},"end":{"line":141,"column":71}}],"line":141},"12":{"loc":{"start":{"line":144,"column":8},"end":{"line":146,"column":null}},"type":"cond-expr","locations":[{"start":{"line":145,"column":12},"end":{"line":145,"column":null}},{"start":{"line":146,"column":12},"end":{"line":146,"column":null}}],"line":144},"13":{"loc":{"start":{"line":144,"column":8},"end":{"line":144,"column":null}},"type":"binary-expr","locations":[{"start":{"line":144,"column":8},"end":{"line":144,"column":21}},{"start":{"line":144,"column":21},"end":{"line":144,"column":null}}],"line":144},"14":{"loc":{"start":{"line":145,"column":12},"end":{"line":145,"column":null}},"type":"binary-expr","locations":[{"start":{"line":145,"column":12},"end":{"line":145,"column":59}},{"start":{"line":145,"column":59},"end":{"line":145,"column":null}}],"line":145},"15":{"loc":{"start":{"line":148,"column":6},"end":{"line":154,"column":null}},"type":"if","locations":[{"start":{"line":148,"column":6},"end":{"line":154,"column":null}},{"start":{},"end":{}}],"line":148},"16":{"loc":{"start":{"line":156,"column":6},"end":{"line":158,"column":null}},"type":"if","locations":[{"start":{"line":156,"column":6},"end":{"line":158,"column":null}},{"start":{},"end":{}}],"line":156},"17":{"loc":{"start":{"line":171,"column":4},"end":{"line":173,"column":null}},"type":"if","locations":[{"start":{"line":171,"column":4},"end":{"line":173,"column":null}},{"start":{},"end":{}}],"line":171},"18":{"loc":{"start":{"line":171,"column":8},"end":{"line":171,"column":37}},"type":"binary-expr","locations":[{"start":{"line":171,"column":8},"end":{"line":171,"column":19}},{"start":{"line":171,"column":19},"end":{"line":171,"column":37}}],"line":171},"19":{"loc":{"start":{"line":175,"column":22},"end":{"line":175,"column":null}},"type":"binary-expr","locations":[{"start":{"line":175,"column":22},"end":{"line":175,"column":46}},{"start":{"line":175,"column":46},"end":{"line":175,"column":null}}],"line":175},"20":{"loc":{"start":{"line":185,"column":9},"end":{"line":185,"column":null}},"type":"cond-expr","locations":[{"start":{"line":185,"column":22},"end":{"line":185,"column":37}},{"start":{"line":185,"column":37},"end":{"line":185,"column":null}}],"line":185},"21":{"loc":{"start":{"line":188,"column":27},"end":{"line":188,"column":76}},"type":"binary-expr","locations":[{"start":{"line":188,"column":27},"end":{"line":188,"column":38}},{"start":{"line":188,"column":38},"end":{"line":188,"column":47}},{"start":{"line":188,"column":51},"end":{"line":188,"column":63}},{"start":{"line":188,"column":67},"end":{"line":188,"column":76}}],"line":188},"22":{"loc":{"start":{"line":190,"column":35},"end":{"line":190,"column":75}},"type":"binary-expr","locations":[{"start":{"line":190,"column":35},"end":{"line":190,"column":44}},{"start":{"line":190,"column":44},"end":{"line":190,"column":61}},{"start":{"line":190,"column":65},"end":{"line":190,"column":75}}],"line":190},"23":{"loc":{"start":{"line":197,"column":18},"end":{"line":197,"column":null}},"type":"binary-expr","locations":[{"start":{"line":197,"column":18},"end":{"line":197,"column":41}},{"start":{"line":197,"column":41},"end":{"line":197,"column":null}}],"line":197},"24":{"loc":{"start":{"line":200,"column":17},"end":{"line":242,"column":null}},"type":"cond-expr","locations":[{"start":{"line":201,"column":18},"end":{"line":201,"column":null}},{"start":{"line":201,"column":76},"end":{"line":242,"column":null}}],"line":200},"25":{"loc":{"start":{"line":200,"column":17},"end":{"line":200,"column":68}},"type":"binary-expr","locations":[{"start":{"line":200,"column":17},"end":{"line":200,"column":30}},{"start":{"line":200,"column":30},"end":{"line":200,"column":59}},{"start":{"line":200,"column":59},"end":{"line":200,"column":68}}],"line":200},"26":{"loc":{"start":{"line":204,"column":21},"end":{"line":223,"column":null}},"type":"cond-expr","locations":[{"start":{"line":204,"column":33},"end":{"line":207,"column":23}},{"start":{"line":207,"column":22},"end":{"line":223,"column":null}}],"line":204},"27":{"loc":{"start":{"line":207,"column":22},"end":{"line":223,"column":null}},"type":"binary-expr","locations":[{"start":{"line":207,"column":22},"end":{"line":207,"column":null}},{"start":{"line":207,"column":23},"end":{"line":223,"column":null}}],"line":207},"28":{"loc":{"start":{"line":216,"column":40},"end":{"line":216,"column":null}},"type":"binary-expr","locations":[{"start":{"line":216,"column":40},"end":{"line":216,"column":53}},{"start":{"line":216,"column":53},"end":{"line":216,"column":null}}],"line":216},"29":{"loc":{"start":{"line":231,"column":24},"end":{"line":231,"column":null}},"type":"cond-expr","locations":[{"start":{"line":231,"column":36},"end":{"line":231,"column":50}},{"start":{"line":231,"column":50},"end":{"line":231,"column":null}}],"line":231},"30":{"loc":{"start":{"line":235,"column":25},"end":{"line":235,"column":null}},"type":"cond-expr","locations":[{"start":{"line":235,"column":37},"end":{"line":235,"column":52}},{"start":{"line":235,"column":52},"end":{"line":235,"column":null}}],"line":235},"31":{"loc":{"start":{"line":237,"column":27},"end":{"line":237,"column":null}},"type":"binary-expr","locations":[{"start":{"line":237,"column":27},"end":{"line":237,"column":48}},{"start":{"line":237,"column":48},"end":{"line":237,"column":null}}],"line":237},"32":{"loc":{"start":{"line":240,"column":23},"end":{"line":242,"column":null}},"type":"binary-expr","locations":[{"start":{"line":240,"column":23},"end":{"line":240,"column":33}},{"start":{"line":240,"column":33},"end":{"line":242,"column":null}}],"line":240},"33":{"loc":{"start":{"line":269,"column":17},"end":{"line":269,"column":33}},"type":"default-arg","locations":[{"start":{"line":269,"column":28},"end":{"line":269,"column":33}}],"line":269},"34":{"loc":{"start":{"line":269,"column":44},"end":{"line":269,"column":68}},"type":"default-arg","locations":[{"start":{"line":269,"column":60},"end":{"line":269,"column":68}}],"line":269},"35":{"loc":{"start":{"line":274,"column":4},"end":{"line":276,"column":null}},"type":"if","locations":[{"start":{"line":274,"column":4},"end":{"line":276,"column":null}},{"start":{},"end":{}}],"line":274},"36":{"loc":{"start":{"line":283,"column":10},"end":{"line":283,"column":null}},"type":"cond-expr","locations":[{"start":{"line":283,"column":36},"end":{"line":283,"column":45}},{"start":{"line":283,"column":45},"end":{"line":283,"column":null}}],"line":283},"37":{"loc":{"start":{"line":288,"column":25},"end":{"line":288,"column":61}},"type":"binary-expr","locations":[{"start":{"line":288,"column":25},"end":{"line":288,"column":36}},{"start":{"line":288,"column":36},"end":{"line":288,"column":48}},{"start":{"line":288,"column":52},"end":{"line":288,"column":61}}],"line":288},"38":{"loc":{"start":{"line":298,"column":15},"end":{"line":305,"column":null}},"type":"cond-expr","locations":[{"start":{"line":298,"column":36},"end":{"line":301,"column":17}},{"start":{"line":301,"column":16},"end":{"line":305,"column":null}}],"line":298},"39":{"loc":{"start":{"line":298,"column":15},"end":{"line":298,"column":null}},"type":"binary-expr","locations":[{"start":{"line":298,"column":15},"end":{"line":298,"column":35}},{"start":{"line":298,"column":35},"end":{"line":298,"column":null}}],"line":298},"40":{"loc":{"start":{"line":324,"column":2},"end":{"line":326,"column":null}},"type":"if","locations":[{"start":{"line":324,"column":2},"end":{"line":326,"column":null}},{"start":{},"end":{}}],"line":324},"41":{"loc":{"start":{"line":324,"column":6},"end":{"line":324,"column":55}},"type":"binary-expr","locations":[{"start":{"line":324,"column":6},"end":{"line":324,"column":37}},{"start":{"line":324,"column":37},"end":{"line":324,"column":55}}],"line":324},"42":{"loc":{"start":{"line":329,"column":4},"end":{"line":333,"column":null}},"type":"cond-expr","locations":[{"start":{"line":332,"column":8},"end":{"line":332,"column":23}},{"start":{"line":333,"column":8},"end":{"line":333,"column":null}}],"line":329},"43":{"loc":{"start":{"line":329,"column":4},"end":{"line":331,"column":null}},"type":"binary-expr","locations":[{"start":{"line":329,"column":4},"end":{"line":329,"column":null}},{"start":{"line":330,"column":4},"end":{"line":330,"column":null}},{"start":{"line":331,"column":4},"end":{"line":331,"column":null}}],"line":329},"44":{"loc":{"start":{"line":337,"column":2},"end":{"line":350,"column":null}},"type":"if","locations":[{"start":{"line":337,"column":2},"end":{"line":350,"column":null}},{"start":{"line":342,"column":9},"end":{"line":350,"column":null}}],"line":337},"45":{"loc":{"start":{"line":338,"column":4},"end":{"line":339,"column":null}},"type":"binary-expr","locations":[{"start":{"line":338,"column":4},"end":{"line":338,"column":null}},{"start":{"line":339,"column":4},"end":{"line":339,"column":null}}],"line":338},"46":{"loc":{"start":{"line":342,"column":9},"end":{"line":350,"column":null}},"type":"if","locations":[{"start":{"line":342,"column":9},"end":{"line":350,"column":null}},{"start":{},"end":{}}],"line":342},"47":{"loc":{"start":{"line":343,"column":4},"end":{"line":345,"column":null}},"type":"binary-expr","locations":[{"start":{"line":343,"column":4},"end":{"line":343,"column":null}},{"start":{"line":344,"column":4},"end":{"line":344,"column":null}},{"start":{"line":345,"column":4},"end":{"line":345,"column":null}}],"line":343},"48":{"loc":{"start":{"line":352,"column":9},"end":{"line":354,"column":40}},"type":"cond-expr","locations":[{"start":{"line":353,"column":6},"end":{"line":353,"column":28}},{"start":{"line":354,"column":6},"end":{"line":354,"column":40}}],"line":352}},"s":{"0":1,"1":1,"2":0,"3":0,"4":0,"5":0,"6":1,"7":0,"8":0,"9":0,"10":1,"11":1,"12":1,"13":1,"14":1,"15":0,"16":1,"17":2,"18":2,"19":2,"20":2,"21":1,"22":1,"23":0,"24":0,"25":0,"26":0,"27":0,"28":0,"29":0,"30":0,"31":0,"32":0,"33":0,"34":0,"35":0,"36":0,"37":0,"38":0,"39":0,"40":0,"41":0,"42":0,"43":0,"44":1,"45":1,"46":1,"47":0,"48":0,"49":0,"50":0,"51":0,"52":0,"53":0,"54":1,"55":0,"56":0,"57":0,"58":0,"59":0,"60":0,"61":0,"62":0,"63":0},"f":{"0":0,"1":0,"2":1,"3":1,"4":2,"5":2,"6":0,"7":0,"8":0,"9":0,"10":0,"11":0},"b":{"0":[0,0],"1":[0,0],"2":[1,1],"3":[0,1],"4":[2,2],"5":[2,0],"6":[0],"7":[0],"8":[0],"9":[0,0],"10":[0,0],"11":[0,0,0,0],"12":[0,0],"13":[0,0],"14":[0,0],"15":[0,0],"16":[0,0],"17":[0,0],"18":[0,0],"19":[0,0],"20":[0,0],"21":[0,0,0,0],"22":[0,0,0],"23":[0,0],"24":[0,0],"25":[0,0,0],"26":[0,0],"27":[0,0],"28":[0,0],"29":[0,0],"30":[0,0],"31":[0,0],"32":[0,0],"33":[0],"34":[0],"35":[0,0],"36":[0,0],"37":[0,0,0],"38":[0,0],"39":[0,0],"40":[0,0],"41":[0,0],"42":[0,0],"43":[0,0,0],"44":[0,0],"45":[0,0],"46":[0,0],"47":[0,0,0],"48":[0,0]},"meta":{"lastBranch":49,"lastFunction":12,"lastStatement":64,"seen":{"s:7:15:7:Infinity":0,"s:23:21:23:Infinity":1,"f:25:9:25:Infinity":0,"s:26:18:26:Infinity":2,"b:28:2:30:Infinity:undefined:undefined:undefined:undefined":0,"s:28:2:30:Infinity":3,"s:29:4:29:Infinity":4,"s:32:2:32:Infinity":5,"s:35:23:65:Infinity":6,"f:43:2:43:3":1,"s:44:19:44:Infinity":7,"s:45:18:45:61":8,"b:45:27:45:33:45:33:45:61":1,"s:47:2:60:Infinity":9,"s:66:0:66:Infinity":10,"s:68:19:100:Infinity":11,"f:68:19:68:20":2,"s:69:22:70:Infinity":12,"f:70:4:70:5":3,"s:70:21:70:49":13,"b:70:21:70:33:70:37:70:49":2,"b:73:2:75:Infinity:undefined:undefined:undefined:undefined":3,"s:73:2:75:Infinity":14,"s:74:4:74:Infinity":15,"s:77:2:97:Infinity":16,"f:82:12:82:13":4,"s:82:33:94:1":17,"f:85:7:85:8":5,"s:87:6:88:22":18,"b:87:6:87:64:88:6:88:22":4,"s:89:20:89:Infinity":19,"s:90:4:90:Infinity":20,"b:90:19:90:52:90:55:90:Infinity":5,"s:102:21:102:46":21,"s:104:28:254:Infinity":22,"f:115:2:115:Infinity":6,"b:120:18:120:23":6,"b:121:18:121:23":7,"b:122:22:122:27":8,"s:133:23:133:Infinity":23,"s:135:25:169:Infinity":24,"f:135:39:135:Infinity":7,"b:136:6:138:Infinity:undefined:undefined:undefined:undefined":9,"s:136:6:138:Infinity":25,"b:136:10:136:23:136:23:136:41":10,"s:137:8:137:Infinity":26,"s:140:21:140:Infinity":27,"s:141:18:141:71":28,"b:141:21:141:33:141:33:141:45:141:49:141:58:141:62:141:71":11,"s:142:25:142:Infinity":29,"s:144:8:146:Infinity":30,"b:145:12:145:Infinity:146:12:146:Infinity":12,"b:144:8:144:21:144:21:144:Infinity":13,"b:145:12:145:59:145:59:145:Infinity":14,"b:148:6:154:Infinity:undefined:undefined:undefined:undefined":15,"s:148:6:154:Infinity":31,"s:149:8:151:Infinity":32,"b:156:6:158:Infinity:undefined:undefined:undefined:undefined":16,"s:156:6:158:Infinity":33,"s:157:8:157:Infinity":34,"s:160:6:160:Infinity":35,"b:171:4:173:Infinity:undefined:undefined:undefined:undefined":17,"s:171:4:173:Infinity":36,"b:171:8:171:19:171:19:171:37":18,"s:172:6:172:Infinity":37,"s:175:22:175:Infinity":38,"b:175:22:175:46:175:46:175:Infinity":19,"s:177:4:250:Infinity":39,"b:185:22:185:37:185:37:185:Infinity":20,"f:187:23:187:24":8,"s:188:24:188:76":40,"b:188:27:188:38:188:38:188:47:188:51:188:63:188:67:188:76":21,"s:189:31:189:Infinity":41,"s:190:35:190:75":42,"b:190:35:190:44:190:44:190:61:190:65:190:75":22,"s:192:12:194:Infinity":43,"b:197:18:197:41:197:41:197:Infinity":23,"b:201:18:201:Infinity:201:76:242:Infinity":24,"b:200:17:200:30:200:30:200:59:200:59:200:68":25,"b:204:33:207:23:207:22:223:Infinity":26,"b:207:22:207:Infinity:207:23:223:Infinity":27,"b:216:40:216:53:216:53:216:Infinity":28,"b:231:36:231:50:231:50:231:Infinity":29,"b:235:37:235:52:235:52:235:Infinity":30,"b:237:27:237:48:237:48:237:Infinity":31,"b:240:23:240:33:240:33:242:Infinity":32,"s:256:0:256:Infinity":44,"s:258:20:258:44":45,"s:260:27:314:Infinity":46,"f:268:2:268:Infinity":9,"b:269:28:269:33":33,"b:269:60:269:68":34,"s:272:23:272:Infinity":47,"b:274:4:276:Infinity:undefined:undefined:undefined:undefined":35,"s:274:4:276:Infinity":48,"s:275:6:275:Infinity":49,"s:278:4:311:Infinity":50,"b:283:36:283:45:283:45:283:Infinity":36,"f:287:21:287:22":10,"s:288:22:288:61":51,"b:288:25:288:36:288:36:288:48:288:52:288:61":37,"s:289:29:289:Infinity":52,"s:291:10:293:Infinity":53,"b:298:36:301:17:301:16:305:Infinity":38,"b:298:15:298:35:298:35:298:Infinity":39,"s:316:0:316:Infinity":54,"f:319:9:319:Infinity":11,"b:324:2:326:Infinity:undefined:undefined:undefined:undefined":40,"s:324:2:326:Infinity":55,"b:324:6:324:37:324:37:324:55":41,"s:325:4:325:Infinity":56,"s:329:4:333:Infinity":57,"b:332:8:332:23:333:8:333:Infinity":42,"b:329:4:329:Infinity:330:4:330:Infinity:331:4:331:Infinity":43,"s:335:31:335:Infinity":58,"b:337:2:350:Infinity:342:9:350:Infinity":44,"s:337:2:350:Infinity":59,"b:338:4:338:Infinity:339:4:339:Infinity":45,"s:341:4:341:Infinity":60,"b:342:9:350:Infinity:undefined:undefined:undefined:undefined":46,"s:342:9:350:Infinity":61,"b:343:4:343:Infinity:344:4:344:Infinity:345:4:345:Infinity":47,"s:347:4:349:Infinity":62,"s:352:2:354:Infinity":63,"b:353:6:353:28:354:6:354:40":48}}}
,"/Users/nrajesh/dyad-apps/budget-it/src/lib/dexieDB.ts": {"path":"/Users/nrajesh/dyad-apps/budget-it/src/lib/dexieDB.ts","statementMap":{"0":{"start":{"line":61,"column":4},"end":{"line":58,"column":null}},"1":{"start":{"line":65,"column":4},"end":{"line":76,"column":null}},"2":{"start":{"line":81,"column":20},"end":{"line":81,"column":null}},"3":{"start":{"line":85,"column":18},"end":{"line":85,"column":null}},"4":{"start":{"line":88,"column":0},"end":{"line":92,"column":null}},"5":{"start":{"line":89,"column":2},"end":{"line":90,"column":null}},"6":{"start":{"line":94,"column":0},"end":{"line":99,"column":null}},"7":{"start":{"line":95,"column":2},"end":{"line":96,"column":null}},"8":{"start":{"line":98,"column":2},"end":{"line":98,"column":null}},"9":{"start":{"line":101,"column":0},"end":{"line":101,"column":null}},"10":{"start":{"line":101,"column":43},"end":{"line":101,"column":null}}},"fnMap":{"0":{"name":"_define_property","decl":{"start":{"line":1,"column":0},"end":{"line":1,"column":null}},"loc":{"start":{"line":1,"column":0},"end":{"line":1,"column":null}},"line":1},"1":{"name":"(anonymous_1)","decl":{"start":{"line":60,"column":2},"end":{"line":60,"column":16}},"loc":{"start":{"line":60,"column":16},"end":{"line":77,"column":null}},"line":60},"2":{"name":"(anonymous_2)","decl":{"start":{"line":88,"column":17},"end":{"line":88,"column":null}},"loc":{"start":{"line":88,"column":17},"end":{"line":92,"column":null}},"line":88},"3":{"name":"(anonymous_3)","decl":{"start":{"line":94,"column":23},"end":{"line":94,"column":null}},"loc":{"start":{"line":94,"column":23},"end":{"line":99,"column":null}},"line":94}},"branchMap":{"0":{"loc":{"start":{"line":85,"column":18},"end":{"line":85,"column":null}},"type":"binary-expr","locations":[{"start":{"line":85,"column":18},"end":{"line":85,"column":50}},{"start":{"line":85,"column":50},"end":{"line":85,"column":null}}],"line":85},"1":{"loc":{"start":{"line":101,"column":0},"end":{"line":101,"column":null}},"type":"if","locations":[{"start":{"line":101,"column":0},"end":{"line":101,"column":null}},{"start":{},"end":{}}],"line":101}},"s":{"0":3,"1":3,"2":3,"3":3,"4":3,"5":0,"6":3,"7":0,"8":0,"9":3,"10":3},"f":{"0":27,"1":3,"2":0,"3":0},"b":{"0":[3,3],"1":[3,0]},"meta":{"lastBranch":2,"lastFunction":4,"lastStatement":11,"seen":{"f:1:0:1:Infinity":0,"f:60:2:60:16":1,"s:61:4:58:Infinity":0,"s:65:4:76:Infinity":1,"s:81:20:81:Infinity":2,"s:85:18:85:Infinity":3,"b:85:18:85:50:85:50:85:Infinity":0,"s:88:0:92:Infinity":4,"f:88:17:88:Infinity":2,"s:89:2:90:Infinity":5,"s:94:0:99:Infinity":6,"f:94:23:94:Infinity":3,"s:95:2:96:Infinity":7,"s:98:2:98:Infinity":8,"b:101:0:101:Infinity:undefined:undefined:undefined:undefined":1,"s:101:0:101:Infinity":9,"s:101:43:101:Infinity":10}}}
,"/Users/nrajesh/dyad-apps/budget-it/src/lib/utils.ts": {"path":"/Users/nrajesh/dyad-apps/budget-it/src/lib/utils.ts","statementMap":{"0":{"start":{"line":6,"column":2},"end":{"line":6,"column":null}},"1":{"start":{"line":14,"column":2},"end":{"line":16,"column":null}},"2":{"start":{"line":15,"column":4},"end":{"line":15,"column":null}},"3":{"start":{"line":17,"column":2},"end":{"line":22,"column":null}},"4":{"start":{"line":26,"column":2},"end":{"line":31,"column":30}},"5":{"start":{"line":35,"column":18},"end":{"line":35,"column":null}},"6":{"start":{"line":36,"column":2},"end":{"line":36,"column":null}},"7":{"start":{"line":36,"column":32},"end":{"line":36,"column":null}},"8":{"start":{"line":37,"column":2},"end":{"line":37,"column":null}},"9":{"start":{"line":41,"column":18},"end":{"line":41,"column":null}},"10":{"start":{"line":42,"column":2},"end":{"line":42,"column":null}},"11":{"start":{"line":42,"column":32},"end":{"line":42,"column":null}},"12":{"start":{"line":43,"column":2},"end":{"line":43,"column":null}},"13":{"start":{"line":48,"column":2},"end":{"line":48,"column":null}}},"fnMap":{"0":{"name":"cn","decl":{"start":{"line":5,"column":16},"end":{"line":5,"column":19}},"loc":{"start":{"line":5,"column":42},"end":{"line":7,"column":null}},"line":5},"1":{"name":"formatCurrency","decl":{"start":{"line":9,"column":16},"end":{"line":9,"column":null}},"loc":{"start":{"line":11,"column":26},"end":{"line":23,"column":null}},"line":11},"2":{"name":"slugify","decl":{"start":{"line":25,"column":16},"end":{"line":25,"column":24}},"loc":{"start":{"line":25,"column":36},"end":{"line":32,"column":null}},"line":25},"3":{"name":"formatDateToYYYYMMDD","decl":{"start":{"line":34,"column":16},"end":{"line":34,"column":37}},"loc":{"start":{"line":34,"column":56},"end":{"line":38,"column":null}},"line":34},"4":{"name":"formatDateToDDMMYYYY","decl":{"start":{"line":40,"column":16},"end":{"line":40,"column":37}},"loc":{"start":{"line":40,"column":56},"end":{"line":44,"column":null}},"line":40},"5":{"name":"parseDateFromDDMMYYYY","decl":{"start":{"line":46,"column":16},"end":{"line":46,"column":38}},"loc":{"start":{"line":46,"column":56},"end":{"line":49,"column":null}},"line":46}},"branchMap":{"0":{"loc":{"start":{"line":11,"column":2},"end":{"line":11,"column":26}},"type":"default-arg","locations":[{"start":{"line":11,"column":21},"end":{"line":11,"column":26}}],"line":11},"1":{"loc":{"start":{"line":14,"column":2},"end":{"line":16,"column":null}},"type":"if","locations":[{"start":{"line":14,"column":2},"end":{"line":16,"column":null}},{"start":{},"end":{}}],"line":14},"2":{"loc":{"start":{"line":35,"column":18},"end":{"line":35,"column":null}},"type":"cond-expr","locations":[{"start":{"line":35,"column":45},"end":{"line":35,"column":62}},{"start":{"line":35,"column":62},"end":{"line":35,"column":null}}],"line":35},"3":{"loc":{"start":{"line":36,"column":2},"end":{"line":36,"column":null}},"type":"if","locations":[{"start":{"line":36,"column":2},"end":{"line":36,"column":null}},{"start":{},"end":{}}],"line":36},"4":{"loc":{"start":{"line":41,"column":18},"end":{"line":41,"column":null}},"type":"cond-expr","locations":[{"start":{"line":41,"column":45},"end":{"line":41,"column":62}},{"start":{"line":41,"column":62},"end":{"line":41,"column":null}}],"line":41},"5":{"loc":{"start":{"line":42,"column":2},"end":{"line":42,"column":null}},"type":"if","locations":[{"start":{"line":42,"column":2},"end":{"line":42,"column":null}},{"start":{},"end":{}}],"line":42}},"s":{"0":0,"1":0,"2":0,"3":0,"4":251500,"5":39,"6":39,"7":0,"8":39,"9":0,"10":0,"11":0,"12":0,"13":0},"f":{"0":0,"1":0,"2":251500,"3":39,"4":0,"5":0},"b":{"0":[0],"1":[0,0],"2":[0,39],"3":[0,39],"4":[0,0],"5":[0,0]},"meta":{"lastBranch":6,"lastFunction":6,"lastStatement":14,"seen":{"f:5:16:5:19":0,"s:6:2:6:Infinity":0,"f:9:16:9:Infinity":1,"b:11:21:11:26":0,"b:14:2:16:Infinity:undefined:undefined:undefined:undefined":1,"s:14:2:16:Infinity":1,"s:15:4:15:Infinity":2,"s:17:2:22:Infinity":3,"f:25:16:25:24":2,"s:26:2:31:30":4,"f:34:16:34:37":3,"s:35:18:35:Infinity":5,"b:35:45:35:62:35:62:35:Infinity":2,"b:36:2:36:Infinity:undefined:undefined:undefined:undefined":3,"s:36:2:36:Infinity":6,"s:36:32:36:Infinity":7,"s:37:2:37:Infinity":8,"f:40:16:40:37":4,"s:41:18:41:Infinity":9,"b:41:45:41:62:41:62:41:Infinity":4,"b:42:2:42:Infinity:undefined:undefined:undefined:undefined":5,"s:42:2:42:Infinity":10,"s:42:32:42:Infinity":11,"s:43:2:43:Infinity":12,"f:46:16:46:38":5,"s:48:2:48:Infinity":13}}}
,"/Users/nrajesh/dyad-apps/budget-it/src/providers/LocalDataProvider.ts": {"path":"/Users/nrajesh/dyad-apps/budget-it/src/providers/LocalDataProvider.ts","statementMap":{"0":{"start":{"line":18,"column":4},"end":{"line":18,"column":null}},"1":{"start":{"line":24,"column":30},"end":{"line":29,"column":null}},"2":{"start":{"line":30,"column":4},"end":{"line":30,"column":null}},"3":{"start":{"line":31,"column":4},"end":{"line":31,"column":null}},"4":{"start":{"line":35,"column":4},"end":{"line":35,"column":null}},"5":{"start":{"line":43,"column":4},"end":{"line":43,"column":null}},"6":{"start":{"line":44,"column":4},"end":{"line":44,"column":null}},"7":{"start":{"line":45,"column":4},"end":{"line":45,"column":null}},"8":{"start":{"line":46,"column":4},"end":{"line":46,"column":null}},"9":{"start":{"line":47,"column":4},"end":{"line":47,"column":null}},"10":{"start":{"line":48,"column":4},"end":{"line":48,"column":null}},"11":{"start":{"line":49,"column":4},"end":{"line":49,"column":null}},"12":{"start":{"line":52,"column":4},"end":{"line":52,"column":null}},"13":{"start":{"line":58,"column":4},"end":{"line":64,"column":null}},"14":{"start":{"line":59,"column":6},"end":{"line":63,"column":null}},"15":{"start":{"line":66,"column":4},"end":{"line":66,"column":null}},"16":{"start":{"line":72,"column":19},"end":{"line":72,"column":null}},"17":{"start":{"line":75,"column":16},"end":{"line":75,"column":null}},"18":{"start":{"line":76,"column":4},"end":{"line":87,"column":null}},"19":{"start":{"line":77,"column":6},"end":{"line":77,"column":null}},"20":{"start":{"line":80,"column":6},"end":{"line":86,"column":null}},"21":{"start":{"line":81,"column":8},"end":{"line":84,"column":null}},"22":{"start":{"line":90,"column":4},"end":{"line":94,"column":null}},"23":{"start":{"line":91,"column":6},"end":{"line":93,"column":null}},"24":{"start":{"line":97,"column":4},"end":{"line":101,"column":null}},"25":{"start":{"line":98,"column":6},"end":{"line":100,"column":null}},"26":{"start":{"line":103,"column":40},"end":{"line":107,"column":null}},"27":{"start":{"line":108,"column":4},"end":{"line":108,"column":null}},"28":{"start":{"line":109,"column":4},"end":{"line":109,"column":null}},"29":{"start":{"line":115,"column":43},"end":{"line":119,"column":null}},"30":{"start":{"line":115,"column":68},"end":{"line":119,"column":null}},"31":{"start":{"line":124,"column":4},"end":{"line":124,"column":null}},"32":{"start":{"line":125,"column":4},"end":{"line":125,"column":null}},"33":{"start":{"line":129,"column":19},"end":{"line":129,"column":null}},"34":{"start":{"line":132,"column":16},"end":{"line":132,"column":null}},"35":{"start":{"line":133,"column":4},"end":{"line":142,"column":null}},"36":{"start":{"line":134,"column":6},"end":{"line":134,"column":null}},"37":{"start":{"line":135,"column":6},"end":{"line":141,"column":null}},"38":{"start":{"line":136,"column":8},"end":{"line":139,"column":null}},"39":{"start":{"line":144,"column":4},"end":{"line":144,"column":null}},"40":{"start":{"line":148,"column":4},"end":{"line":148,"column":null}},"41":{"start":{"line":152,"column":4},"end":{"line":152,"column":null}},"42":{"start":{"line":156,"column":33},"end":{"line":159,"column":null}},"43":{"start":{"line":160,"column":4},"end":{"line":160,"column":null}},"44":{"start":{"line":160,"column":69},"end":{"line":160,"column":73}},"45":{"start":{"line":164,"column":4},"end":{"line":168,"column":null}},"46":{"start":{"line":165,"column":6},"end":{"line":165,"column":null}},"47":{"start":{"line":167,"column":6},"end":{"line":167,"column":null}},"48":{"start":{"line":172,"column":4},"end":{"line":176,"column":null}},"49":{"start":{"line":173,"column":6},"end":{"line":173,"column":null}},"50":{"start":{"line":175,"column":6},"end":{"line":175,"column":null}},"51":{"start":{"line":180,"column":4},"end":{"line":184,"column":null}},"52":{"start":{"line":181,"column":6},"end":{"line":181,"column":null}},"53":{"start":{"line":183,"column":6},"end":{"line":183,"column":null}},"54":{"start":{"line":191,"column":4},"end":{"line":197,"column":null}},"55":{"start":{"line":192,"column":6},"end":{"line":196,"column":null}},"56":{"start":{"line":198,"column":4},"end":{"line":198,"column":null}},"57":{"start":{"line":204,"column":19},"end":{"line":204,"column":null}},"58":{"start":{"line":207,"column":16},"end":{"line":207,"column":null}},"59":{"start":{"line":208,"column":4},"end":{"line":217,"column":null}},"60":{"start":{"line":209,"column":6},"end":{"line":209,"column":null}},"61":{"start":{"line":210,"column":6},"end":{"line":216,"column":null}},"62":{"start":{"line":211,"column":8},"end":{"line":214,"column":null}},"63":{"start":{"line":219,"column":49},"end":{"line":223,"column":null}},"64":{"start":{"line":224,"column":4},"end":{"line":224,"column":null}},"65":{"start":{"line":225,"column":4},"end":{"line":225,"column":null}},"66":{"start":{"line":231,"column":19},"end":{"line":231,"column":null}},"67":{"start":{"line":234,"column":16},"end":{"line":234,"column":null}},"68":{"start":{"line":235,"column":4},"end":{"line":244,"column":null}},"69":{"start":{"line":236,"column":6},"end":{"line":236,"column":null}},"70":{"start":{"line":237,"column":6},"end":{"line":243,"column":null}},"71":{"start":{"line":238,"column":8},"end":{"line":241,"column":null}},"72":{"start":{"line":246,"column":4},"end":{"line":246,"column":null}},"73":{"start":{"line":250,"column":4},"end":{"line":250,"column":null}},"74":{"start":{"line":254,"column":4},"end":{"line":254,"column":null}},"75":{"start":{"line":270,"column":4},"end":{"line":270,"column":null}},"76":{"start":{"line":270,"column":18},"end":{"line":270,"column":null}},"77":{"start":{"line":271,"column":17},"end":{"line":271,"column":null}},"78":{"start":{"line":274,"column":19},"end":{"line":277,"column":null}},"79":{"start":{"line":279,"column":4},"end":{"line":350,"column":null}},"80":{"start":{"line":280,"column":6},"end":{"line":321,"column":null}},"81":{"start":{"line":282,"column":24},"end":{"line":282,"column":41}},"82":{"start":{"line":284,"column":8},"end":{"line":320,"column":null}},"83":{"start":{"line":286,"column":10},"end":{"line":286,"column":null}},"84":{"start":{"line":287,"column":10},"end":{"line":297,"column":null}},"85":{"start":{"line":300,"column":10},"end":{"line":303,"column":null}},"86":{"start":{"line":306,"column":26},"end":{"line":306,"column":null}},"87":{"start":{"line":307,"column":10},"end":{"line":319,"column":null}},"88":{"start":{"line":308,"column":12},"end":{"line":318,"column":null}},"89":{"start":{"line":322,"column":6},"end":{"line":322,"column":null}},"90":{"start":{"line":325,"column":37},"end":{"line":325,"column":null}},"91":{"start":{"line":326,"column":6},"end":{"line":339,"column":null}},"92":{"start":{"line":327,"column":8},"end":{"line":327,"column":null}},"93":{"start":{"line":328,"column":8},"end":{"line":338,"column":null}},"94":{"start":{"line":341,"column":12},"end":{"line":341,"column":null}},"95":{"start":{"line":342,"column":6},"end":{"line":348,"column":null}},"96":{"start":{"line":349,"column":6},"end":{"line":349,"column":null}},"97":{"start":{"line":354,"column":19},"end":{"line":357,"column":null}},"98":{"start":{"line":358,"column":4},"end":{"line":358,"column":null}},"99":{"start":{"line":365,"column":19},"end":{"line":368,"column":null}},"100":{"start":{"line":369,"column":4},"end":{"line":372,"column":null}},"101":{"start":{"line":370,"column":22},"end":{"line":370,"column":null}},"102":{"start":{"line":371,"column":6},"end":{"line":371,"column":null}},"103":{"start":{"line":373,"column":4},"end":{"line":373,"column":null}},"104":{"start":{"line":377,"column":4},"end":{"line":379,"column":null}},"105":{"start":{"line":378,"column":6},"end":{"line":378,"column":null}},"106":{"start":{"line":380,"column":4},"end":{"line":380,"column":null}},"107":{"start":{"line":387,"column":4},"end":{"line":390,"column":null}},"108":{"start":{"line":398,"column":4},"end":{"line":436,"column":null}},"109":{"start":{"line":406,"column":8},"end":{"line":410,"column":null}},"110":{"start":{"line":409,"column":22},"end":{"line":409,"column":null}},"111":{"start":{"line":413,"column":8},"end":{"line":417,"column":null}},"112":{"start":{"line":416,"column":22},"end":{"line":416,"column":null}},"113":{"start":{"line":421,"column":30},"end":{"line":424,"column":null}},"114":{"start":{"line":423,"column":43},"end":{"line":423,"column":null}},"115":{"start":{"line":425,"column":35},"end":{"line":427,"column":null}},"116":{"start":{"line":426,"column":22},"end":{"line":426,"column":34}},"117":{"start":{"line":427,"column":26},"end":{"line":427,"column":null}},"118":{"start":{"line":430,"column":8},"end":{"line":430,"column":null}},"119":{"start":{"line":430,"column":61},"end":{"line":430,"column":65}},"120":{"start":{"line":433,"column":8},"end":{"line":435,"column":null}},"121":{"start":{"line":434,"column":10},"end":{"line":434,"column":null}},"122":{"start":{"line":441,"column":19},"end":{"line":441,"column":null}},"123":{"start":{"line":442,"column":4},"end":{"line":442,"column":null}},"124":{"start":{"line":442,"column":17},"end":{"line":442,"column":null}},"125":{"start":{"line":444,"column":4},"end":{"line":444,"column":null}},"126":{"start":{"line":445,"column":4},"end":{"line":449,"column":null}},"127":{"start":{"line":448,"column":6},"end":{"line":448,"column":null}},"128":{"start":{"line":453,"column":4},"end":{"line":455,"column":null}},"129":{"start":{"line":454,"column":6},"end":{"line":454,"column":null}},"130":{"start":{"line":456,"column":4},"end":{"line":456,"column":null}},"131":{"start":{"line":464,"column":4},"end":{"line":464,"column":null}},"132":{"start":{"line":464,"column":18},"end":{"line":464,"column":null}},"133":{"start":{"line":465,"column":17},"end":{"line":465,"column":null}},"134":{"start":{"line":467,"column":21},"end":{"line":470,"column":null}},"135":{"start":{"line":472,"column":4},"end":{"line":472,"column":null}},"136":{"start":{"line":472,"column":18},"end":{"line":472,"column":null}},"137":{"start":{"line":474,"column":10},"end":{"line":474,"column":null}},"138":{"start":{"line":475,"column":4},"end":{"line":480,"column":null}},"139":{"start":{"line":481,"column":4},"end":{"line":481,"column":null}},"140":{"start":{"line":489,"column":4},"end":{"line":489,"column":null}},"141":{"start":{"line":489,"column":33},"end":{"line":489,"column":null}},"142":{"start":{"line":490,"column":17},"end":{"line":490,"column":null}},"143":{"start":{"line":493,"column":16},"end":{"line":497,"column":null}},"144":{"start":{"line":496,"column":18},"end":{"line":496,"column":null}},"145":{"start":{"line":499,"column":4},"end":{"line":499,"column":null}},"146":{"start":{"line":499,"column":13},"end":{"line":499,"column":null}},"147":{"start":{"line":501,"column":10},"end":{"line":501,"column":null}},"148":{"start":{"line":502,"column":4},"end":{"line":508,"column":null}},"149":{"start":{"line":509,"column":4},"end":{"line":509,"column":null}},"150":{"start":{"line":513,"column":4},"end":{"line":515,"column":null}},"151":{"start":{"line":514,"column":6},"end":{"line":514,"column":null}},"152":{"start":{"line":516,"column":4},"end":{"line":516,"column":null}},"153":{"start":{"line":520,"column":4},"end":{"line":525,"column":null}},"154":{"start":{"line":521,"column":6},"end":{"line":524,"column":null}},"155":{"start":{"line":526,"column":4},"end":{"line":526,"column":null}},"156":{"start":{"line":534,"column":4},"end":{"line":583,"column":null}},"157":{"start":{"line":543,"column":8},"end":{"line":547,"column":null}},"158":{"start":{"line":546,"column":22},"end":{"line":546,"column":null}},"159":{"start":{"line":550,"column":8},"end":{"line":554,"column":null}},"160":{"start":{"line":553,"column":22},"end":{"line":553,"column":null}},"161":{"start":{"line":557,"column":31},"end":{"line":560,"column":null}},"162":{"start":{"line":562,"column":8},"end":{"line":574,"column":null}},"163":{"start":{"line":563,"column":35},"end":{"line":566,"column":null}},"164":{"start":{"line":565,"column":45},"end":{"line":565,"column":null}},"165":{"start":{"line":567,"column":28},"end":{"line":567,"column":null}},"166":{"start":{"line":567,"column":56},"end":{"line":567,"column":60}},"167":{"start":{"line":570,"column":10},"end":{"line":573,"column":null}},"168":{"start":{"line":578,"column":33},"end":{"line":581,"column":null}},"169":{"start":{"line":580,"column":43},"end":{"line":580,"column":null}},"170":{"start":{"line":582,"column":8},"end":{"line":582,"column":null}},"171":{"start":{"line":582,"column":67},"end":{"line":582,"column":71}},"172":{"start":{"line":588,"column":4},"end":{"line":588,"column":null}},"173":{"start":{"line":590,"column":4},"end":{"line":590,"column":null}},"174":{"start":{"line":596,"column":20},"end":{"line":598,"column":null}},"175":{"start":{"line":600,"column":42},"end":{"line":600,"column":44}},"176":{"start":{"line":604,"column":24},"end":{"line":606,"column":null}},"177":{"start":{"line":608,"column":23},"end":{"line":610,"column":null}},"178":{"start":{"line":613,"column":27},"end":{"line":613,"column":null}},"179":{"start":{"line":614,"column":4},"end":{"line":624,"column":null}},"180":{"start":{"line":615,"column":21},"end":{"line":615,"column":33}},"181":{"start":{"line":617,"column":20},"end":{"line":617,"column":null}},"182":{"start":{"line":617,"column":44},"end":{"line":617,"column":65}},"183":{"start":{"line":618,"column":8},"end":{"line":623,"column":null}},"184":{"start":{"line":619,"column":10},"end":{"line":621,"column":null}},"185":{"start":{"line":626,"column":4},"end":{"line":670,"column":null}},"186":{"start":{"line":627,"column":27},"end":{"line":659,"column":null}},"187":{"start":{"line":631,"column":10},"end":{"line":631,"column":null}},"188":{"start":{"line":631,"column":59},"end":{"line":631,"column":null}},"189":{"start":{"line":632,"column":10},"end":{"line":632,"column":null}},"190":{"start":{"line":632,"column":51},"end":{"line":632,"column":null}},"191":{"start":{"line":633,"column":10},"end":{"line":637,"column":null}},"192":{"start":{"line":637,"column":12},"end":{"line":637,"column":null}},"193":{"start":{"line":638,"column":10},"end":{"line":638,"column":60}},"194":{"start":{"line":638,"column":46},"end":{"line":638,"column":60}},"195":{"start":{"line":641,"column":10},"end":{"line":655,"column":null}},"196":{"start":{"line":646,"column":32},"end":{"line":646,"column":null}},"197":{"start":{"line":647,"column":32},"end":{"line":647,"column":null}},"198":{"start":{"line":649,"column":12},"end":{"line":654,"column":null}},"199":{"start":{"line":653,"column":14},"end":{"line":653,"column":null}},"200":{"start":{"line":657,"column":10},"end":{"line":657,"column":null}},"201":{"start":{"line":661,"column":20},"end":{"line":664,"column":null}},"202":{"start":{"line":662,"column":8},"end":{"line":662,"column":null}},"203":{"start":{"line":662,"column":26},"end":{"line":662,"column":null}},"204":{"start":{"line":663,"column":8},"end":{"line":663,"column":null}},"205":{"start":{"line":666,"column":6},"end":{"line":669,"column":null}},"206":{"start":{"line":672,"column":4},"end":{"line":672,"column":null}},"207":{"start":{"line":676,"column":4},"end":{"line":682,"column":null}},"208":{"start":{"line":686,"column":4},"end":{"line":686,"column":null}},"209":{"start":{"line":690,"column":4},"end":{"line":690,"column":null}},"210":{"start":{"line":695,"column":10},"end":{"line":695,"column":null}},"211":{"start":{"line":696,"column":4},"end":{"line":713,"column":null}},"212":{"start":{"line":697,"column":17},"end":{"line":697,"column":null}},"213":{"start":{"line":698,"column":17},"end":{"line":698,"column":null}},"214":{"start":{"line":700,"column":6},"end":{"line":700,"column":null}},"215":{"start":{"line":700,"column":22},"end":{"line":700,"column":null}},"216":{"start":{"line":702,"column":21},"end":{"line":702,"column":null}},"217":{"start":{"line":703,"column":6},"end":{"line":703,"column":null}},"218":{"start":{"line":705,"column":6},"end":{"line":708,"column":null}},"219":{"start":{"line":709,"column":6},"end":{"line":712,"column":null}},"220":{"start":{"line":717,"column":4},"end":{"line":722,"column":null}},"221":{"start":{"line":718,"column":6},"end":{"line":721,"column":null}},"222":{"start":{"line":726,"column":4},"end":{"line":726,"column":null}},"223":{"start":{"line":727,"column":4},"end":{"line":766,"column":null}},"224":{"start":{"line":729,"column":6},"end":{"line":729,"column":null}},"225":{"start":{"line":730,"column":6},"end":{"line":730,"column":null}},"226":{"start":{"line":733,"column":6},"end":{"line":733,"column":null}},"227":{"start":{"line":734,"column":6},"end":{"line":734,"column":null}},"228":{"start":{"line":735,"column":6},"end":{"line":735,"column":null}},"229":{"start":{"line":738,"column":6},"end":{"line":738,"column":null}},"230":{"start":{"line":739,"column":6},"end":{"line":739,"column":null}},"231":{"start":{"line":740,"column":6},"end":{"line":740,"column":null}},"232":{"start":{"line":742,"column":6},"end":{"line":744,"column":null}},"233":{"start":{"line":746,"column":6},"end":{"line":746,"column":null}},"234":{"start":{"line":749,"column":6},"end":{"line":765,"column":null}},"235":{"start":{"line":750,"column":8},"end":{"line":750,"column":null}},"236":{"start":{"line":750,"column":26},"end":{"line":750,"column":null}},"237":{"start":{"line":751,"column":8},"end":{"line":757,"column":null}},"238":{"start":{"line":753,"column":10},"end":{"line":756,"column":null}},"239":{"start":{"line":754,"column":12},"end":{"line":754,"column":null}},"240":{"start":{"line":755,"column":12},"end":{"line":755,"column":null}},"241":{"start":{"line":758,"column":8},"end":{"line":758,"column":null}},"242":{"start":{"line":760,"column":8},"end":{"line":762,"column":null}},"243":{"start":{"line":764,"column":8},"end":{"line":764,"column":29}},"244":{"start":{"line":772,"column":26},"end":{"line":776,"column":null}},"245":{"start":{"line":773,"column":6},"end":{"line":776,"column":null}},"246":{"start":{"line":774,"column":37},"end":{"line":774,"column":null}},"247":{"start":{"line":775,"column":8},"end":{"line":775,"column":null}},"248":{"start":{"line":778,"column":4},"end":{"line":808,"column":null}},"249":{"start":{"line":780,"column":6},"end":{"line":807,"column":null}},"250":{"start":{"line":812,"column":26},"end":{"line":812,"column":null}},"251":{"start":{"line":813,"column":31},"end":{"line":817,"column":null}},"252":{"start":{"line":815,"column":43},"end":{"line":815,"column":null}},"253":{"start":{"line":816,"column":6},"end":{"line":816,"column":null}},"254":{"start":{"line":819,"column":17},"end":{"line":833,"column":null}},"255":{"start":{"line":834,"column":4},"end":{"line":834,"column":null}},"256":{"start":{"line":838,"column":4},"end":{"line":838,"column":null}},"257":{"start":{"line":838,"column":37},"end":{"line":838,"column":null}},"258":{"start":{"line":842,"column":24},"end":{"line":855,"column":null}},"259":{"start":{"line":843,"column":6},"end":{"line":855,"column":null}},"260":{"start":{"line":845,"column":8},"end":{"line":849,"column":null}},"261":{"start":{"line":847,"column":50},"end":{"line":847,"column":null}},"262":{"start":{"line":848,"column":10},"end":{"line":848,"column":null}},"263":{"start":{"line":852,"column":48},"end":{"line":852,"column":null}},"264":{"start":{"line":853,"column":24},"end":{"line":853,"column":null}},"265":{"start":{"line":854,"column":8},"end":{"line":854,"column":null}},"266":{"start":{"line":857,"column":4},"end":{"line":938,"column":null}},"267":{"start":{"line":871,"column":8},"end":{"line":937,"column":null}},"268":{"start":{"line":879,"column":31},"end":{"line":879,"column":null}},"269":{"start":{"line":880,"column":28},"end":{"line":882,"column":null}},"270":{"start":{"line":884,"column":26},"end":{"line":884,"column":null}},"271":{"start":{"line":885,"column":26},"end":{"line":885,"column":null}},"272":{"start":{"line":886,"column":27},"end":{"line":886,"column":null}},"273":{"start":{"line":887,"column":29},"end":{"line":887,"column":null}},"274":{"start":{"line":888,"column":32},"end":{"line":888,"column":null}},"275":{"start":{"line":891,"column":10},"end":{"line":891,"column":null}},"276":{"start":{"line":892,"column":10},"end":{"line":892,"column":null}},"277":{"start":{"line":893,"column":10},"end":{"line":893,"column":null}},"278":{"start":{"line":895,"column":10},"end":{"line":895,"column":null}},"279":{"start":{"line":896,"column":10},"end":{"line":896,"column":null}},"280":{"start":{"line":897,"column":10},"end":{"line":897,"column":null}},"281":{"start":{"line":898,"column":10},"end":{"line":898,"column":null}},"282":{"start":{"line":900,"column":10},"end":{"line":900,"column":null}},"283":{"start":{"line":901,"column":10},"end":{"line":901,"column":null}},"284":{"start":{"line":902,"column":10},"end":{"line":902,"column":null}},"285":{"start":{"line":903,"column":10},"end":{"line":903,"column":null}},"286":{"start":{"line":904,"column":10},"end":{"line":904,"column":null}},"287":{"start":{"line":905,"column":10},"end":{"line":905,"column":null}},"288":{"start":{"line":906,"column":10},"end":{"line":906,"column":null}},"289":{"start":{"line":909,"column":10},"end":{"line":909,"column":null}},"290":{"start":{"line":910,"column":10},"end":{"line":910,"column":null}},"291":{"start":{"line":911,"column":10},"end":{"line":911,"column":null}},"292":{"start":{"line":912,"column":10},"end":{"line":912,"column":null}},"293":{"start":{"line":913,"column":10},"end":{"line":913,"column":null}},"294":{"start":{"line":914,"column":10},"end":{"line":914,"column":null}},"295":{"start":{"line":915,"column":10},"end":{"line":915,"column":null}},"296":{"start":{"line":916,"column":10},"end":{"line":916,"column":null}},"297":{"start":{"line":917,"column":10},"end":{"line":917,"column":null}},"298":{"start":{"line":919,"column":10},"end":{"line":919,"column":null}},"299":{"start":{"line":919,"column":28},"end":{"line":919,"column":null}},"300":{"start":{"line":920,"column":10},"end":{"line":921,"column":null}},"301":{"start":{"line":921,"column":12},"end":{"line":921,"column":null}},"302":{"start":{"line":923,"column":10},"end":{"line":924,"column":null}},"303":{"start":{"line":924,"column":12},"end":{"line":924,"column":null}},"304":{"start":{"line":925,"column":10},"end":{"line":927,"column":null}},"305":{"start":{"line":926,"column":12},"end":{"line":927,"column":null}},"306":{"start":{"line":929,"column":10},"end":{"line":929,"column":null}},"307":{"start":{"line":929,"column":28},"end":{"line":929,"column":null}},"308":{"start":{"line":930,"column":10},"end":{"line":930,"column":null}},"309":{"start":{"line":930,"column":28},"end":{"line":930,"column":null}},"310":{"start":{"line":931,"column":10},"end":{"line":932,"column":null}},"311":{"start":{"line":932,"column":12},"end":{"line":932,"column":null}},"312":{"start":{"line":933,"column":10},"end":{"line":934,"column":null}},"313":{"start":{"line":934,"column":12},"end":{"line":934,"column":null}},"314":{"start":{"line":935,"column":10},"end":{"line":936,"column":null}},"315":{"start":{"line":936,"column":12},"end":{"line":936,"column":null}}},"fnMap":{"0":{"name":"(anonymous_0)","decl":{"start":{"line":17,"column":8},"end":{"line":17,"column":40}},"loc":{"start":{"line":17,"column":40},"end":{"line":19,"column":null}},"line":17},"1":{"name":"(anonymous_1)","decl":{"start":{"line":21,"column":8},"end":{"line":21,"column":null}},"loc":{"start":{"line":23,"column":21},"end":{"line":32,"column":null}},"line":23},"2":{"name":"(anonymous_2)","decl":{"start":{"line":34,"column":8},"end":{"line":34,"column":21}},"loc":{"start":{"line":34,"column":52},"end":{"line":36,"column":null}},"line":34},"3":{"name":"(anonymous_3)","decl":{"start":{"line":38,"column":8},"end":{"line":38,"column":21}},"loc":{"start":{"line":38,"column":48},"end":{"line":53,"column":null}},"line":38},"4":{"name":"(anonymous_4)","decl":{"start":{"line":56,"column":8},"end":{"line":56,"column":24}},"loc":{"start":{"line":56,"column":64},"end":{"line":67,"column":null}},"line":56},"5":{"name":"(anonymous_5)","decl":{"start":{"line":69,"column":8},"end":{"line":69,"column":null}},"loc":{"start":{"line":71,"column":26},"end":{"line":110,"column":null}},"line":71},"6":{"name":"(anonymous_6)","decl":{"start":{"line":112,"column":8},"end":{"line":112,"column":null}},"loc":{"start":{"line":114,"column":28},"end":{"line":126,"column":null}},"line":114},"7":{"name":"(anonymous_7)","decl":{"start":{"line":115,"column":60},"end":{"line":115,"column":61}},"loc":{"start":{"line":115,"column":68},"end":{"line":119,"column":null}},"line":115},"8":{"name":"(anonymous_8)","decl":{"start":{"line":128,"column":8},"end":{"line":128,"column":26}},"loc":{"start":{"line":128,"column":67},"end":{"line":145,"column":null}},"line":128},"9":{"name":"(anonymous_9)","decl":{"start":{"line":147,"column":8},"end":{"line":147,"column":26}},"loc":{"start":{"line":147,"column":53},"end":{"line":149,"column":null}},"line":147},"10":{"name":"(anonymous_10)","decl":{"start":{"line":151,"column":8},"end":{"line":151,"column":35}},"loc":{"start":{"line":151,"column":65},"end":{"line":153,"column":null}},"line":151},"11":{"name":"(anonymous_11)","decl":{"start":{"line":155,"column":8},"end":{"line":155,"column":38}},"loc":{"start":{"line":155,"column":73},"end":{"line":161,"column":null}},"line":155},"12":{"name":"(anonymous_12)","decl":{"start":{"line":160,"column":62},"end":{"line":160,"column":63}},"loc":{"start":{"line":160,"column":69},"end":{"line":160,"column":73}},"line":160},"13":{"name":"(anonymous_13)","decl":{"start":{"line":163,"column":8},"end":{"line":163,"column":26}},"loc":{"start":{"line":163,"column":57},"end":{"line":169,"column":null}},"line":163},"14":{"name":"(anonymous_14)","decl":{"start":{"line":171,"column":8},"end":{"line":171,"column":21}},"loc":{"start":{"line":171,"column":52},"end":{"line":177,"column":null}},"line":171},"15":{"name":"(anonymous_15)","decl":{"start":{"line":179,"column":8},"end":{"line":179,"column":35}},"loc":{"start":{"line":179,"column":66},"end":{"line":185,"column":null}},"line":179},"16":{"name":"(anonymous_16)","decl":{"start":{"line":188,"column":8},"end":{"line":188,"column":null}},"loc":{"start":{"line":190,"column":37},"end":{"line":199,"column":null}},"line":190},"17":{"name":"(anonymous_17)","decl":{"start":{"line":201,"column":8},"end":{"line":201,"column":null}},"loc":{"start":{"line":203,"column":35},"end":{"line":226,"column":null}},"line":203},"18":{"name":"(anonymous_18)","decl":{"start":{"line":228,"column":8},"end":{"line":228,"column":null}},"loc":{"start":{"line":230,"column":19},"end":{"line":247,"column":null}},"line":230},"19":{"name":"(anonymous_19)","decl":{"start":{"line":249,"column":8},"end":{"line":249,"column":35}},"loc":{"start":{"line":249,"column":62},"end":{"line":251,"column":null}},"line":249},"20":{"name":"(anonymous_20)","decl":{"start":{"line":253,"column":8},"end":{"line":253,"column":44}},"loc":{"start":{"line":253,"column":74},"end":{"line":255,"column":null}},"line":253},"21":{"name":"(anonymous_21)","decl":{"start":{"line":258,"column":8},"end":{"line":258,"column":null}},"loc":{"start":{"line":269,"column":28},"end":{"line":351,"column":null}},"line":269},"22":{"name":"(anonymous_22)","decl":{"start":{"line":353,"column":8},"end":{"line":353,"column":30}},"loc":{"start":{"line":353,"column":78},"end":{"line":359,"column":null}},"line":353},"23":{"name":"(anonymous_23)","decl":{"start":{"line":361,"column":8},"end":{"line":361,"column":null
[...]
mous_4)","decl":{"start":{"line":222,"column":12},"end":{"line":222,"column":13}},"loc":{"start":{"line":222,"column":19},"end":{"line":222,"column":null}},"line":222},"5":{"name":"(anonymous_5)","decl":{"start":{"line":230,"column":34},"end":{"line":230,"column":35}},"loc":{"start":{"line":230,"column":56},"end":{"line":267,"column":null}},"line":230},"6":{"name":"(anonymous_6)","decl":{"start":{"line":235,"column":29},"end":{"line":235,"column":30}},"loc":{"start":{"line":235,"column":30},"end":{"line":266,"column":null}},"line":235},"7":{"name":"(anonymous_7)","decl":{"start":{"line":259,"column":43},"end":{"line":259,"column":44}},"loc":{"start":{"line":260,"column":8},"end":{"line":260,"column":null}},"line":260},"8":{"name":"(anonymous_8)","decl":{"start":{"line":269,"column":30},"end":{"line":269,"column":31}},"loc":{"start":{"line":269,"column":48},"end":{"line":307,"column":null}},"line":269},"9":{"name":"(anonymous_9)","decl":{"start":{"line":274,"column":25},"end":{"line":274,"column":26}},"loc":{"start":{"line":274,"column":26},"end":{"line":306,"column":null}},"line":274},"10":{"name":"(anonymous_10)","decl":{"start":{"line":299,"column":43},"end":{"line":299,"column":44}},"loc":{"start":{"line":300,"column":8},"end":{"line":300,"column":null}},"line":300}},"branchMap":{"0":{"loc":{"start":{"line":28,"column":2},"end":{"line":117,"column":null}},"type":"if","locations":[{"start":{"line":28,"column":2},"end":{"line":117,"column":null}},{"start":{"line":32,"column":9},"end":{"line":117,"column":null}}],"line":28},"1":{"loc":{"start":{"line":32,"column":9},"end":{"line":117,"column":null}},"type":"if","locations":[{"start":{"line":32,"column":9},"end":{"line":117,"column":null}},{"start":{"line":34,"column":9},"end":{"line":117,"column":null}}],"line":32},"2":{"loc":{"start":{"line":34,"column":9},"end":{"line":117,"column":null}},"type":"if","locations":[{"start":{"line":34,"column":9},"end":{"line":117,"column":null}},{"start":{"line":38,"column":9},"end":{"line":117,"column":null}}],"line":34},"3":{"loc":{"start":{"line":38,"column":9},"end":{"line":117,"column":null}},"type":"if","locations":[{"start":{"line":38,"column":9},"end":{"line":117,"column":null}},{"start":{"line":40,"column":9},"end":{"line":117,"column":null}}],"line":38},"4":{"loc":{"start":{"line":40,"column":9},"end":{"line":117,"column":null}},"type":"if","locations":[{"start":{"line":40,"column":9},"end":{"line":117,"column":null}},{"start":{"line":44,"column":9},"end":{"line":117,"column":null}}],"line":40},"5":{"loc":{"start":{"line":44,"column":9},"end":{"line":117,"column":null}},"type":"if","locations":[{"start":{"line":44,"column":9},"end":{"line":117,"column":null}},{"start":{"line":46,"column":9},"end":{"line":117,"column":null}}],"line":44},"6":{"loc":{"start":{"line":46,"column":9},"end":{"line":117,"column":null}},"type":"if","locations":[{"start":{"line":46,"column":9},"end":{"line":117,"column":null}},{"start":{"line":54,"column":9},"end":{"line":117,"column":null}}],"line":46},"7":{"loc":{"start":{"line":54,"column":9},"end":{"line":117,"column":null}},"type":"if","locations":[{"start":{"line":54,"column":9},"end":{"line":117,"column":null}},{"start":{"line":60,"column":9},"end":{"line":117,"column":null}}],"line":54},"8":{"loc":{"start":{"line":93,"column":6},"end":{"line":96,"column":null}},"type":"if","locations":[{"start":{"line":93,"column":6},"end":{"line":96,"column":null}},{"start":{},"end":{}}],"line":93},"9":{"loc":{"start":{"line":98,"column":4},"end":{"line":106,"column":null}},"type":"if","locations":[{"start":{"line":98,"column":4},"end":{"line":106,"column":null}},{"start":{},"end":{}}],"line":98},"10":{"loc":{"start":{"line":101,"column":8},"end":{"line":104,"column":null}},"type":"if","locations":[{"start":{"line":101,"column":8},"end":{"line":104,"column":null}},{"start":{},"end":{}}],"line":101},"11":{"loc":{"start":{"line":108,"column":4},"end":{"line":116,"column":null}},"type":"if","locations":[{"start":{"line":108,"column":4},"end":{"line":116,"column":null}},{"start":{},"end":{}}],"line":108},"12":{"loc":{"start":{"line":111,"column":19},"end":{"line":111,"column":null}},"type":"cond-expr","locations":[{"start":{"line":111,"column":31},"end":{"line":111,"column":56}},{"start":{"line":111,"column":56},"end":{"line":111,"column":null}}],"line":111},"13":{"loc":{"start":{"line":120,"column":2},"end":{"line":129,"column":null}},"type":"if","locations":[{"start":{"line":120,"column":2},"end":{"line":129,"column":null}},{"start":{},"end":{}}],"line":120},"14":{"loc":{"start":{"line":122,"column":4},"end":{"line":128,"column":null}},"type":"if","locations":[{"start":{"line":122,"column":4},"end":{"line":128,"column":null}},{"start":{},"end":{}}],"line":122},"15":{"loc":{"start":{"line":138,"column":2},"end":{"line":140,"column":null}},"type":"if","locations":[{"start":{"line":138,"column":2},"end":{"line":140,"column":null}},{"start":{},"end":{}}],"line":138},"16":{"loc":{"start":{"line":143,"column":2},"end":{"line":145,"column":null}},"type":"if","locations":[{"start":{"line":143,"column":2},"end":{"line":145,"column":null}},{"start":{},"end":{}}],"line":143},"17":{"loc":{"start":{"line":147,"column":2},"end":{"line":149,"column":null}},"type":"if","locations":[{"start":{"line":147,"column":2},"end":{"line":149,"column":null}},{"start":{},"end":{}}],"line":147},"18":{"loc":{"start":{"line":152,"column":2},"end":{"line":155,"column":null}},"type":"if","locations":[{"start":{"line":152,"column":2},"end":{"line":155,"column":null}},{"start":{},"end":{}}],"line":152},"19":{"loc":{"start":{"line":222,"column":19},"end":{"line":222,"column":null}},"type":"binary-expr","locations":[{"start":{"line":222,"column":19},"end":{"line":222,"column":35}},{"start":{"line":222,"column":35},"end":{"line":222,"column":48}},{"start":{"line":222,"column":48},"end":{"line":222,"column":61}},{"start":{"line":222,"column":61},"end":{"line":222,"column":null}}],"line":222},"20":{"loc":{"start":{"line":223,"column":2},"end":{"line":225,"column":null}},"type":"if","locations":[{"start":{"line":223,"column":2},"end":{"line":225,"column":null}},{"start":{},"end":{}}],"line":223},"21":{"loc":{"start":{"line":231,"column":2},"end":{"line":231,"column":null}},"type":"if","locations":[{"start":{"line":231,"column":2},"end":{"line":231,"column":null}},{"start":{},"end":{}}],"line":231},"22":{"loc":{"start":{"line":231,"column":6},"end":{"line":231,"column":37}},"type":"binary-expr","locations":[{"start":{"line":231,"column":6},"end":{"line":231,"column":16}},{"start":{"line":231,"column":16},"end":{"line":231,"column":37}}],"line":231},"23":{"loc":{"start":{"line":239,"column":4},"end":{"line":244,"column":null}},"type":"if","locations":[{"start":{"line":239,"column":4},"end":{"line":244,"column":null}},{"start":{},"end":{}}],"line":239},"24":{"loc":{"start":{"line":241,"column":6},"end":{"line":243,"column":null}},"type":"if","locations":[{"start":{"line":241,"column":6},"end":{"line":243,"column":null}},{"start":{},"end":{}}],"line":241},"25":{"loc":{"start":{"line":241,"column":10},"end":{"line":241,"column":72}},"type":"binary-expr","locations":[{"start":{"line":241,"column":10},"end":{"line":241,"column":40}},{"start":{"line":241,"column":44},"end":{"line":241,"column":72}}],"line":241},"26":{"loc":{"start":{"line":247,"column":4},"end":{"line":249,"column":null}},"type":"if","locations":[{"start":{"line":247,"column":4},"end":{"line":249,"column":null}},{"start":{},"end":{}}],"line":247},"27":{"loc":{"start":{"line":248,"column":6},"end":{"line":248,"column":66}},"type":"if","locations":[{"start":{"line":248,"column":6},"end":{"line":248,"column":66}},{"start":{},"end":{}}],"line":248},"28":{"loc":{"start":{"line":250,"column":4},"end":{"line":252,"column":null}},"type":"if","locations":[{"start":{"line":250,"column":4},"end":{"line":252,"column":null}},{"start":{},"end":{}}],"line":250},"29":{"loc":{"start":{"line":251,"column":6},"end":{"line":251,"column":null}},"type":"if","locations":[{"start":{"line":251,"column":6},"end":{"line":251,"column":null}},{"start":{},"end":{}}],"line":251},"30":{"loc":{"start":{"line":255,"column":4},"end":{"line":263,"column":null}},"type":"if","locations":[{"start":{"line":255,"column":4},"end":{"line":263,"column":null}},{"start":{},"end":{}}],"line":255},"31":{"loc":{"start":{"line":255,"column":8},"end":{"line":255,"column":49}},"type":"binary-expr","locations":[{"start":{"line":255,"column":8},"end":{"line":255,"column":20}},{"start":{"line":255,"column":24},"end":{"line":255,"column":49}}],"line":255},"32":{"loc":{"start":{"line":257,"column":50},"end":{"line":257,"column":67}},"type":"binary-expr","locations":[{"start":{"line":257,"column":50},"end":{"line":257,"column":59}},{"start":{"line":257,"column":63},"end":{"line":257,"column":67}}],"line":257},"33":{"loc":{"start":{"line":262,"column":6},"end":{"line":262,"column":null}},"type":"if","locations":[{"start":{"line":262,"column":6},"end":{"line":262,"column":null}},{"start":{},"end":{}}],"line":262},"34":{"loc":{"start":{"line":270,"column":2},"end":{"line":270,"column":null}},"type":"if","locations":[{"start":{"line":270,"column":2},"end":{"line":270,"column":null}},{"start":{},"end":{}}],"line":270},"35":{"loc":{"start":{"line":270,"column":6},"end":{"line":270,"column":37}},"type":"binary-expr","locations":[{"start":{"line":270,"column":6},"end":{"line":270,"column":16}},{"start":{"line":270,"column":16},"end":{"line":270,"column":37}}],"line":270},"36":{"loc":{"start":{"line":283,"column":4},"end":{"line":289,"column":null}},"type":"if","locations":[{"start":{"line":283,"column":4},"end":{"line":289,"column":null}},{"start":{},"end":{}}],"line":283},"37":{"loc":{"start":{"line":284,"column":6},"end":{"line":288,"column":null}},"type":"if","locations":[{"start":{"line":284,"column":6},"end":{"line":288,"column":null}},{"start":{"line":286,"column":13},"end":{"line":288,"column":null}}],"line":284},"38":{"loc":{"start":{"line":284,"column":10},"end":{"line":284,"column":79}},"type":"binary-expr","locations":[{"start":{"line":284,"column":10},"end":{"line":284,"column":37}},{"start":{"line":284,"column":37},"end":{"line":284,"column":79}}],"line":284},"39":{"loc":{"start":{"line":285,"column":8},"end":{"line":285,"column":null}},"type":"if","locations":[{"start":{"line":285,"column":8},"end":{"line":285,"column":null}},{"start":{},"end":{}}],"line":285},"40":{"loc":{"start":{"line":287,"column":8},"end":{"line":287,"column":null}},"type":"if","locations":[{"start":{"line":287,"column":8},"end":{"line":287,"column":null}},{"start":{},"end":{}}],"line":287},"41":{"loc":{"start":{"line":291,"column":4},"end":{"line":293,"column":null}},"type":"if","locations":[{"start":{"line":291,"column":4},"end":{"line":293,"column":null}},{"start":{},"end":{}}],"line":291},"42":{"loc":{"start":{"line":292,"column":6},"end":{"line":292,"column":null}},"type":"if","locations":[{"start":{"line":292,"column":6},"end":{"line":292,"column":null}},{"start":{},"end":{}}],"line":292},"43":{"loc":{"start":{"line":296,"column":4},"end":{"line":303,"column":null}},"type":"if","locations":[{"start":{"line":296,"column":4},"end":{"line":303,"column":null}},{"start":{},"end":{}}],"line":296},"44":{"loc":{"start":{"line":296,"column":8},"end":{"line":296,"column":49}},"type":"binary-expr","locations":[{"start":{"line":296,"column":8},"end":{"line":296,"column":20}},{"start":{"line":296,"column":24},"end":{"line":296,"column":49}}],"line":296},"45":{"loc":{"start":{"line":298,"column":39},"end":{"line":298,"column":58}},"type":"binary-expr","locations":[{"start":{"line":298,"column":39},"end":{"line":298,"column":50}},{"start":{"line":298,"column":54},"end":{"line":298,"column":58}}],"line":298},"46":{"loc":{"start":{"line":302,"column":6},"end":{"line":302,"column":null}},"type":"if","locations":[{"start":{"line":302,"column":6},"end":{"line":302,"column":null}},{"start":{},"end":{}}],"line":302}},"s":{"0":1,"1":1,"2":1,"3":1,"4":1,"5":0,"6":0,"7":0,"8":1,"9":0,"10":1,"11":0,"12":0,"13":0,"14":1,"15":0,"16":1,"17":0,"18":0,"19":0,"20":1,"21":0,"22":1,"23":0,"24":0,"25":0,"26":0,"27":0,"28":0,"29":0,"30":1,"31":1,"32":1,"33":1,"34":1,"35":1,"36":0,"37":0,"38":0,"39":0,"40":0,"41":0,"42":0,"43":0,"44":0,"45":0,"46":0,"47":0,"48":0,"49":0,"50":0,"51":0,"52":0,"53":0,"54":0,"55":0,"56":1,"57":0,"58":0,"59":0,"60":0,"61":1,"62":1,"63":1,"64":1,"65":1,"66":0,"67":1,"68":1,"69":0,"70":1,"71":0,"72":1,"73":1,"74":0,"75":0,"76":1,"77":1,"78":9,"79":1,"80":12,"81":1,"82":11,"83":1,"84":1,"85":1,"86":1,"87":1,"88":1,"89":1,"90":0,"91":1,"92":1,"93":0,"94":0,"95":0,"96":0,"97":0,"98":0,"99":0,"100":0,"101":0,"102":0,"103":0,"104":0,"105":0,"106":0,"107":0,"108":0,"109":0,"110":0,"111":0,"112":0,"113":0,"114":0,"115":1,"116":0,"117":0,"118":0,"119":0,"120":0,"121":0,"122":0,"123":0,"124":0,"125":0,"126":0,"127":0,"128":0,"129":0,"130":0,"131":0,"132":0,"133":0,"134":0,"135":0,"136":0},"f":{"0":1,"1":9,"2":12,"3":11,"4":1,"5":0,"6":0,"7":0,"8":0,"9":0,"10":0},"b":{"0":[0,1],"1":[0,1],"2":[0,1],"3":[0,1],"4":[0,1],"5":[0,1],"6":[0,1],"7":[1,0],"8":[0,0],"9":[0,0],"10":[0,0],"11":[0,0],"12":[0,0],"13":[0,1],"14":[0,0],"15":[0,1],"16":[0,1],"17":[0,1],"18":[0,1],"19":[1,0,0,0],"20":[0,1],"21":[0,0],"22":[0,0],"23":[0,0],"24":[0,0],"25":[0,0],"26":[0,0],"27":[0,0],"28":[0,0],"29":[0,0],"30":[0,0],"31":[0,0],"32":[0,0],"33":[0,0],"34":[0,0],"35":[0,0],"36":[0,0],"37":[0,0],"38":[0,0],"39":[0,0],"40":[0,0],"41":[0,0],"42":[0,0],"43":[0,0],"44":[0,0],"45":[0,0],"46":[0,0]},"meta":{"lastBranch":47,"lastFunction":11,"lastStatement":137,"seen":{"s:20:32:228:Infinity":0,"f:20:32:20:33":0,"s:21:33:21:Infinity":1,"s:22:21:22:Infinity":2,"s:26:16:26:Infinity":3,"b:28:2:117:Infinity:32:9:117:Infinity":0,"s:28:2:117:Infinity":4,"s:29:10:29:Infinity":5,"s:30:10:30:Infinity":6,"s:31:4:31:Infinity":7,"b:32:9:117:Infinity:34:9:117:Infinity":1,"s:32:9:117:Infinity":8,"s:33:4:33:Infinity":9,"b:34:9:117:Infinity:38:9:117:Infinity":2,"s:34:9:117:Infinity":10,"s:35:10:35:Infinity":11,"s:36:10:36:Infinity":12,"s:37:4:37:Infinity":13,"b:38:9:117:Infinity:40:9:117:Infinity":3,"s:38:9:117:Infinity":14,"s:39:4:39:Infinity":15,"b:40:9:117:Infinity:44:9:117:Infinity":4,"s:40:9:117:Infinity":16,"s:41:10:41:Infinity":17,"s:42:10:42:Infinity":18,"s:43:4:43:Infinity":19,"b:44:9:117:Infinity:46:9:117:Infinity":5,"s:44:9:117:Infinity":20,"s:45:4:45:Infinity":21,"b:46:9:117:Infinity:54:9:117:Infinity":6,"s:46:9:117:Infinity":22,"s:47:22:47:Infinity":23,"s:48:4:48:Infinity":24,"s:49:4:49:Infinity":25,"s:50:25:50:Infinity":26,"s:51:4:51:Infinity":27,"s:52:4:52:Infinity":28,"s:53:4:53:Infinity":29,"b:54:9:117:Infinity:60:9:117:Infinity":7,"s:54:9:117:Infinity":30,"s:55:23:55:Infinity":31,"s:56:4:56:Infinity":32,"s:57:21:57:Infinity":33,"s:58:4:58:Infinity":34,"s:59:4:59:Infinity":35,"s:62:19:75:Infinity":36,"s:76:24:89:Infinity":37,"s:91:21:91:Infinity":38,"s:92:4:97:Infinity":39,"s:92:17:92:20":40,"b:93:6:96:Infinity:undefined:undefined:undefined:undefined":8,"s:93:6:96:Infinity":41,"s:94:8:94:Infinity":42,"s:95:8:95:Infinity":43,"b:98:4:106:Infinity:undefined:undefined:undefined:undefined":9,"s:98:4:106:Infinity":44,"s:99:6:105:Infinity":45,"s:99:19:99:22":46,"b:101:8:104:Infinity:undefined:undefined:undefined:undefined":10,"s:101:8:104:Infinity":47,"s:102:10:102:Infinity":48,"s:103:10:103:Infinity":49,"b:108:4:116:Infinity:undefined:undefined:undefined:undefined":11,"s:108:4:116:Infinity":50,"s:110:24:110:Infinity":51,"s:111:19:111:Infinity":52,"b:111:31:111:56:111:56:111:Infinity":12,"s:113:25:113:Infinity":53,"s:114:12:114:Infinity":54,"s:115:6:115:Infinity":55,"b:120:2:129:Infinity:undefined:undefined:undefined:undefined":13,"s:120:2:129:Infinity":56,"s:121:26:121:Infinity":57,"b:122:4:128:Infinity:undefined:undefined:undefined:undefined":14,"s:122:4:128:Infinity":58,"s:123:19:123:Infinity":59,"s:124:6:127:Infinity":60,"s:133:24:133:Infinity":61,"s:134:24:134:Infinity":62,"s:135:27:135:Infinity":63,"s:137:18:137:Infinity":64,"b:138:2:140:Infinity:undefined:undefined:undefined:undefined":15,"s:138:2:140:Infinity":65,"s:139:4:139:Infinity":66,"s:142:18:142:Infinity":67,"b:143:2:145:Infinity:undefined:undefined:undefined:undefined":16,"s:143:2:145:Infinity":68,"s:144:4:144:Infinity":69,"b:147:2:149:Infinity:undefined:undefined:undefined:undefined":17,"s:147:2:149:Infinity":70,"s:148:4:148:Infinity":71,"s:151:21:151:Infinity":72,"b:152:2:155:Infinity:undefined:undefined:undefined:undefined":18,"s:152:2:155:Infinity":73,"s:153:4:153:Infinity":74,"s:154:4:154:Infinity":75,"s:160:17:160:Infinity":76,"s:163:2:175:Infinity":77,"f:173:12:173:13":1,"s:174:4:174:Infinity":78,"s:178:2:193:Infinity":79,"f:191:12:191:13":2,"s:192:4:192:Infinity":80,"s:194:2:209:Infinity":81,"f:206:12:206:13":3,"s:208:4:208:Infinity":82,"s:212:2:212:Infinity":83,"s:215:2:215:Infinity":84,"s:216:2:216:Infinity":85,"s:217:2:217:Infinity":86,"s:220:16:222:Infinity":87,"f:222:12:222:13":4,"s:222:19:222:Infinity":88,"b:222:19:222:35:222:35:222:48:222:48:222:61:222:61:222:Infinity":19,"b:223:2:225:Infinity:undefined:undefined:undefined:undefined":20,"s:223:2:225:Infinity":89,"s:224:4:224:Infinity":90,"s:227:2:227:Infinity":91,"s:230:34:267:Infinity":92,"f:230:34:230:35":5,"b:231:2:231:Infinity:undefined:undefined:undefined:undefined":21,"s:231:2:231:Infinity":93,"b:231:6:231:16:231:16:231:37":22,"s:231:37:231:Infinity":94,"s:233:18:233:Infinity":95,"s:235:2:266:Infinity":96,"f:235:29:235:30":6,"s:236:16:236:Infinity":97,"b:239:4:244:Infinity:undefined:undefined:undefined:undefined":23,"s:239:4:244:Infinity":98,"s:240:20:240:Infinity":99,"b:241:6:243:Infinity:undefined:undefined:undefined:undefined":24,"s:241:6:243:Infinity":100,"b:241:10:241:40:241:44:241:72":25,"s:242:8:242:Infinity":101,"b:247:4:249:Infinity:undefined:undefined:undefined:undefined":26,"s:247:4:249:Infinity":102,"b:248:6:248:66:undefined:undefined:undefined:undefined":27,"s:248:6:248:66":103,"s:248:51:248:66":104,"b:250:4:252:Infinity:undefined:undefined:undefined:undefined":28,"s:250:4:252:Infinity":105,"b:251:6:251:Infinity:undefined:undefined:undefined:undefined":29,"s:251:6:251:Infinity":106,"s:251:51:251:Infinity":107,"b:255:4:263:Infinity:undefined:undefined:undefined:undefined":30,"s:255:4:263:Infinity":108,"b:255:8:255:20:255:24:255:49":31,"s:257:8:257:Infinity":109,"b:257:50:257:59:257:63:257:67":32,"s:259:24:260:Infinity":110,"f:259:43:259:44":7,"s:260:8:260:Infinity":111,"b:262:6:262:Infinity:undefined:undefined:undefined:undefined":33,"s:262:6:262:Infinity":112,"s:262:22:262:Infinity":113,"s:265:4:265:Infinity":114,"s:269:30:307:Infinity":115,"f:269:30:269:31":8,"b:270:2:270:Infinity:undefined:undefined:undefined:undefined":34,"s:270:2:270:Infinity":116,"b:270:6:270:16:270:16:270:37":35,"s:270:37:270:Infinity":117,"s:272:18:272:Infinity":118,"s:274:2:306:Infinity":119,"f:274:25:274:26":9,"s:275:16:275:Infinity":120,"b:283:4:289:Infinity:undefined:undefined:undefined:undefined":36,"s:283:4:289:Infinity":121,"b:284:6:288:Infinity:286:13:288:Infinity":37,"s:284:6:288:Infinity":122,"b:284:10:284:37:284:37:284:79":38,"b:285:8:285:Infinity:undefined:undefined:undefined:undefined":39,"s:285:8:285:Infinity":123,"s:285:38:285:Infinity":124,"b:287:8:287:Infinity:undefined:undefined:undefined:undefined":40,"s:287:8:287:Infinity":125,"s:287:64:287:Infinity":126,"b:291:4:293:Infinity:undefined:undefined:undefined:undefined":41,"s:291:4:293:Infinity":127,"b:292:6:292:Infinity:undefined:undefined:undefined:undefined":42,"s:292:6:292:Infinity":128,"s:292:62:292:Infinity":129,"b:296:4:303:Infinity:undefined:undefined:undefined:undefined":43,"s:296:4:303:Infinity":130,"b:296:8:296:20:296:24:296:49":44,"s:298:8:298:Infinity":131,"b:298:39:298:50:298:54:298:58":45,"s:299:24:300:Infinity":132,"f:299:43:299:44":10,"s:300:8:300:Infinity":133,"b:302:6:302:Infinity:undefined:undefined:undefined:undefined":46,"s:302:6:302:Infinity":134,"s:302:22:302:Infinity":135,"s:305:4:305:Infinity":136}}}
}
